This is pdfTeX, Version 3.141592653-2.6-1.40.25 (MiKTeX 24.1) (preloaded format=pdflatex 2024.2.3)  22 APR 2024 21:03
entering extended mode
 restricted \write18 enabled.
 file:line:error style messages enabled.
 %&-line parsing enabled.
**"c:/Tesis/Documento Tesis/Tesis_corr1 copy.tex"
(c:/Tesis/Documento Tesis/Tesis_corr1 copy.tex
LaTeX2e <2023-11-01> patch level 1
L3 programming layer <2024-01-22>
(C:\Users\Felipe\AppData\Local\Programs\MiKTeX\tex/latex/base\book.cls
Document Class: book 2023/05/17 v1.4n Standard LaTeX document class
(C:\Users\Felipe\AppData\Local\Programs\MiKTeX\tex/latex/base\bk12.clo
File: bk12.clo 2023/05/17 v1.4n Standard LaTeX file (size option)
)
\c@part=\count187
\c@chapter=\count188
\c@section=\count189
\c@subsection=\count190
\c@subsubsection=\count191
\c@paragraph=\count192
\c@subparagraph=\count193
\c@figure=\count194
\c@table=\count195
\abovecaptionskip=\skip48
\belowcaptionskip=\skip49
\bibindent=\dimen140
) (C:\Users\Felipe\AppData\Local\Programs\MiKTeX\tex/generic/babel\babel.sty
Package: babel 2024/01/07 v24.1 The Babel package
\babel@savecnt=\count196
\U@D=\dimen141
\l@unhyphenated=\language79
 (C:\Users\Felipe\AppData\Local\Programs\MiKTeX\tex/generic/babel\txtbabel.def)
\bbl@readstream=\read2
\bbl@dirlevel=\count197

*************************************
* Local config file bblopts.cfg used
*
(C:\Users\Felipe\AppData\Local\Programs\MiKTeX\tex/latex/arabi\bblopts.cfg
File: bblopts.cfg 2005/09/08 v0.1 add Arabic and Farsi to "declared" options of babel
) (C:\Users\Felipe\AppData\Local\Programs\MiKTeX\tex/latex/babel-spanish\spanish.ldf
Language: spanish.ldf 2021/05/27 v5.0q Spanish support from the babel system
\es@quottoks=\toks17
\es@quotdepth=\count198
Package babel Info: Making " an active character on input line 570.
Package babel Info: Making . an active character on input line 675.
Package babel Info: Making < an active character on input line 722.
Package babel Info: Making > an active character on input line 722.
)) (C:\Users\Felipe\AppData\Local\Programs\MiKTeX\tex/generic/babel/locale/es\babel-spanish.tex
Package babel Info: Importing font and identification data for spanish
(babel)             from babel-es.ini. Reported on input line 11.
) (C:\Users\Felipe\AppData\Local\Programs\MiKTeX\tex/latex/amsfonts\amssymb.sty
Package: amssymb 2013/01/14 v3.01 AMS font symbols
 (C:\Users\Felipe\AppData\Local\Programs\MiKTeX\tex/latex/amsfonts\amsfonts.sty
Package: amsfonts 2013/01/14 v3.01 Basic AMSFonts support
\@emptytoks=\toks18
\symAMSa=\mathgroup4
\symAMSb=\mathgroup5
LaTeX Font Info:    Redeclaring math symbol \hbar on input line 98.
LaTeX Font Info:    Overwriting math alphabet `\mathfrak' in version `bold'
(Font)                  U/euf/m/n --> U/euf/b/n on input line 106.
)) (C:\Users\Felipe\AppData\Local\Programs\MiKTeX\tex/latex/amscls\amsthm.sty
Package: amsthm 2020/05/29 v2.20.6
\thm@style=\toks19
\thm@bodyfont=\toks20
\thm@headfont=\toks21
\thm@notefont=\toks22
\thm@headpunct=\toks23
\thm@preskip=\skip50
\thm@postskip=\skip51
\thm@headsep=\skip52
\dth@everypar=\toks24
) (C:\Users\Felipe\AppData\Local\Programs\MiKTeX\tex/latex/base\inputenc.sty
Package: inputenc 2021/02/14 v1.3d Input encoding file
\inpenc@prehook=\toks25
\inpenc@posthook=\toks26
) (C:\Users\Felipe\AppData\Local\Programs\MiKTeX\tex/latex/bbm\bbm.sty
Package: bbm 1999/03/15 V 1.2 provides fonts for set symbols - TH
LaTeX Font Info:    Overwriting math alphabet `\mathbbm' in version `bold'
(Font)                  U/bbm/m/n --> U/bbm/bx/n on input line 33.
LaTeX Font Info:    Overwriting math alphabet `\mathbbmss' in version `bold'
(Font)                  U/bbmss/m/n --> U/bbmss/bx/n on input line 35.
) (C:\Users\Felipe\AppData\Local\Programs\MiKTeX\tex/latex/tools\bm.sty
Package: bm 2023/07/08 v1.2f Bold Symbol Support (DPC/FMi)
\symboldoperators=\mathgroup6
\symboldletters=\mathgroup7
\symboldsymbols=\mathgroup8
Package bm Info: No bold for \OMX/cmex/m/n, using \pmb.
Package bm Info: No bold for \U/msa/m/n, using \pmb.
Package bm Info: No bold for \U/msb/m/n, using \pmb.
LaTeX Font Info:    Redeclaring math alphabet \mathbf on input line 149.
) (C:\Users\Felipe\AppData\Local\Programs\MiKTeX\tex/latex/mathalpha\mathalpha.sty
Package: mathalpha 2021/11/18 - 1.143mathalpha (License LPPL) Michael Sharpe
 `mathalpha' v1.143, 2021/11/18, a renaming of mathalfa (msharpe) (C:\Users\Felipe\AppData\Local\Programs\MiKTeX\tex/latex/xkeyval\xkeyval.sty
Package: xkeyval 2022/06/16 v2.9 package option processing (HA)
 (C:\Users\Felipe\AppData\Local\Programs\MiKTeX\tex/generic/xkeyval\xkeyval.tex (C:\Users\Felipe\AppData\Local\Programs\MiKTeX\tex/generic/xkeyval\xkvutils.tex
\XKV@toks=\toks27
\XKV@tempa@toks=\toks28
 (C:\Users\Felipe\AppData\Local\Programs\MiKTeX\tex/generic/xkeyval\keyval.tex))
\XKV@depth=\count199
File: xkeyval.tex 2014/12/03 v2.7a key=value parser (HA)
)) (C:\Users\Felipe\AppData\Local\Programs\MiKTeX\tex/latex/dsserif\dsserif.sty
Package: dsserif 2021/10/29 v1.031 U/dsserif
LaTeX Font Info:    Overwriting math alphabet `\mathbb' in version `bold'
(Font)                  U/DSSerif/m/n --> U/DSSerif/b/n on input line 51.
)) (C:\Users\Felipe\AppData\Local\Programs\MiKTeX\tex/latex/amsmath\amsmath.sty
Package: amsmath 2023/05/13 v2.17o AMS math features
\@mathmargin=\skip53

For additional information on amsmath, use the `?' option.
(C:\Users\Felipe\AppData\Local\Programs\MiKTeX\tex/latex/amsmath\amstext.sty
Package: amstext 2021/08/26 v2.01 AMS text
 (C:\Users\Felipe\AppData\Local\Programs\MiKTeX\tex/latex/amsmath\amsgen.sty
File: amsgen.sty 1999/11/30 v2.0 generic functions
\@emptytoks=\toks29
\ex@=\dimen142
)) (C:\Users\Felipe\AppData\Local\Programs\MiKTeX\tex/latex/amsmath\amsbsy.sty
Package: amsbsy 1999/11/29 v1.2d Bold Symbols
LaTeX Info: Redefining \boldsymbol on input line 28.
\pmbraise@=\dimen143
) (C:\Users\Felipe\AppData\Local\Programs\MiKTeX\tex/latex/amsmath\amsopn.sty
Package: amsopn 2022/04/08 v2.04 operator names
)
\inf@bad=\count266
LaTeX Info: Redefining \frac on input line 234.
\uproot@=\count267
\leftroot@=\count268
LaTeX Info: Redefining \overline on input line 399.
LaTeX Info: Redefining \colon on input line 410.
\classnum@=\count269
\DOTSCASE@=\count270
LaTeX Info: Redefining \ldots on input line 496.
LaTeX Info: Redefining \dots on input line 499.
LaTeX Info: Redefining \cdots on input line 620.
\Mathstrutbox@=\box51
\strutbox@=\box52
LaTeX Info: Redefining \big on input line 722.
LaTeX Info: Redefining \Big on input line 723.
LaTeX Info: Redefining \bigg on input line 724.
LaTeX Info: Redefining \Bigg on input line 725.
\big@size=\dimen144
LaTeX Font Info:    Redeclaring font encoding OML on input line 743.
LaTeX Font Info:    Redeclaring font encoding OMS on input line 744.
\macc@depth=\count271
LaTeX Info: Redefining \bmod on input line 905.
LaTeX Info: Redefining \pmod on input line 910.
LaTeX Info: Redefining \smash on input line 940.
LaTeX Info: Redefining \relbar on input line 970.
LaTeX Info: Redefining \Relbar on input line 971.
\c@MaxMatrixCols=\count272
\dotsspace@=\muskip16
\c@parentequation=\count273
\dspbrk@lvl=\count274
\tag@help=\toks30
\row@=\count275
\column@=\count276
\maxfields@=\count277
\andhelp@=\toks31
\eqnshift@=\dimen145
\alignsep@=\dimen146
\tagshift@=\dimen147
\tagwidth@=\dimen148
\totwidth@=\dimen149
\lineht@=\dimen150
\@envbody=\toks32
\multlinegap=\skip54
\multlinetaggap=\skip55
\mathdisplay@stack=\toks33
LaTeX Info: Redefining \[ on input line 2953.
LaTeX Info: Redefining \] on input line 2954.
) (C:\Users\Felipe\AppData\Local\Programs\MiKTeX\tex/latex/oberdiek\stackrel.sty
Package: stackrel 2016/05/16 v1.3 Adding subscript option to stackrel (HO)
 (C:\Users\Felipe\AppData\Local\Programs\MiKTeX\tex/generic/etexcmds\etexcmds.sty
Package: etexcmds 2019/12/15 v1.7 Avoid name clashes with e-TeX commands (HO)
 (C:\Users\Felipe\AppData\Local\Programs\MiKTeX\tex/generic/infwarerr\infwarerr.sty
Package: infwarerr 2019/12/03 v1.5 Providing info/warning/error messages (HO)
) (C:\Users\Felipe\AppData\Local\Programs\MiKTeX\tex/generic/iftex\iftex.sty
Package: iftex 2022/02/03 v1.0f TeX engine tests
)) (C:\Users\Felipe\AppData\Local\Programs\MiKTeX\tex/generic/pdftexcmds\pdftexcmds.sty
Package: pdftexcmds 2020-06-27 v0.33 Utility functions of pdfTeX for LuaTeX (HO)
 (C:\Users\Felipe\AppData\Local\Programs\MiKTeX\tex/generic/ltxcmds\ltxcmds.sty
Package: ltxcmds 2023-12-04 v1.26 LaTeX kernel commands for general use (HO)
)
Package pdftexcmds Info: \pdf@primitive is available.
Package pdftexcmds Info: \pdf@ifprimitive is available.
Package pdftexcmds Info: \pdfdraftmode found.
)) (C:\Users\Felipe\AppData\Local\Programs\MiKTeX\tex/latex/pgf/frontendlayer\tikz.sty (C:\Users\Felipe\AppData\Local\Programs\MiKTeX\tex/latex/pgf/basiclayer\pgf.sty (C:\Users\Felipe\AppData\Local\Programs\MiKTeX\tex/latex/pgf/utilities\pgfrcs.sty (C:\Users\Felipe\AppData\Local\Programs\MiKTeX\tex/generic/pgf/utilities\pgfutil-common.tex
\pgfutil@everybye=\toks34
\pgfutil@tempdima=\dimen151
\pgfutil@tempdimb=\dimen152
) (C:\Users\Felipe\AppData\Local\Programs\MiKTeX\tex/generic/pgf/utilities\pgfutil-latex.def
\pgfutil@abb=\box53
) (C:\Users\Felipe\AppData\Local\Programs\MiKTeX\tex/generic/pgf/utilities\pgfrcs.code.tex (C:\Users\Felipe\AppData\Local\Programs\MiKTeX\tex/generic/pgf\pgf.revision.tex)
Package: pgfrcs 2023-01-15 v3.1.10 (3.1.10)
))
Package: pgf 2023-01-15 v3.1.10 (3.1.10)
 (C:\Users\Felipe\AppData\Local\Programs\MiKTeX\tex/latex/pgf/basiclayer\pgfcore.sty (C:\Users\Felipe\AppData\Local\Programs\MiKTeX\tex/latex/graphics\graphicx.sty
Package: graphicx 2021/09/16 v1.2d Enhanced LaTeX Graphics (DPC,SPQR)
 (C:\Users\Felipe\AppData\Local\Programs\MiKTeX\tex/latex/graphics\graphics.sty
Package: graphics 2022/03/10 v1.4e Standard LaTeX Graphics (DPC,SPQR)
 (C:\Users\Felipe\AppData\Local\Programs\MiKTeX\tex/latex/graphics\trig.sty
Package: trig 2021/08/11 v1.11 sin cos tan (DPC)
) (C:\Users\Felipe\AppData\Local\Programs\MiKTeX\tex/latex/graphics-cfg\graphics.cfg
File: graphics.cfg 2016/06/04 v1.11 sample graphics configuration
)
Package graphics Info: Driver file: pdftex.def on input line 107.
 (C:\Users\Felipe\AppData\Local\Programs\MiKTeX\tex/latex/graphics-def\pdftex.def
File: pdftex.def 2022/09/22 v1.2b Graphics/color driver for pdftex
))
\Gin@req@height=\dimen153
\Gin@req@width=\dimen154
) (C:\Users\Felipe\AppData\Local\Programs\MiKTeX\tex/latex/pgf/systemlayer\pgfsys.sty (C:\Users\Felipe\AppData\Local\Programs\MiKTeX\tex/generic/pgf/systemlayer\pgfsys.code.tex
Package: pgfsys 2023-01-15 v3.1.10 (3.1.10)
 (C:\Users\Felipe\AppData\Local\Programs\MiKTeX\tex/generic/pgf/utilities\pgfkeys.code.tex
\pgfkeys@pathtoks=\toks35
\pgfkeys@temptoks=\toks36
 (C:\Users\Felipe\AppData\Local\Programs\MiKTeX\tex/generic/pgf/utilities\pgfkeyslibraryfiltered.code.tex
\pgfkeys@tmptoks=\toks37
))
\pgf@x=\dimen155
\pgf@y=\dimen156
\pgf@xa=\dimen157
\pgf@ya=\dimen158
\pgf@xb=\dimen159
\pgf@yb=\dimen160
\pgf@xc=\dimen161
\pgf@yc=\dimen162
\pgf@xd=\dimen163
\pgf@yd=\dimen164
\w@pgf@writea=\write3
\r@pgf@reada=\read3
\c@pgf@counta=\count278
\c@pgf@countb=\count279
\c@pgf@countc=\count280
\c@pgf@countd=\count281
\t@pgf@toka=\toks38
\t@pgf@tokb=\toks39
\t@pgf@tokc=\toks40
\pgf@sys@id@count=\count282
 (C:\Users\Felipe\AppData\Local\Programs\MiKTeX\tex/generic/pgf/systemlayer\pgf.cfg
File: pgf.cfg 2023-01-15 v3.1.10 (3.1.10)
)
Driver file for pgf: pgfsys-pdftex.def
 (C:\Users\Felipe\AppData\Local\Programs\MiKTeX\tex/generic/pgf/systemlayer\pgfsys-pdftex.def
File: pgfsys-pdftex.def 2023-01-15 v3.1.10 (3.1.10)
 (C:\Users\Felipe\AppData\Local\Programs\MiKTeX\tex/generic/pgf/systemlayer\pgfsys-common-pdf.def
File: pgfsys-common-pdf.def 2023-01-15 v3.1.10 (3.1.10)
))) (C:\Users\Felipe\AppData\Local\Programs\MiKTeX\tex/generic/pgf/systemlayer\pgfsyssoftpath.code.tex
File: pgfsyssoftpath.code.tex 2023-01-15 v3.1.10 (3.1.10)
\pgfsyssoftpath@smallbuffer@items=\count283
\pgfsyssoftpath@bigbuffer@items=\count284
) (C:\Users\Felipe\AppData\Local\Programs\MiKTeX\tex/generic/pgf/systemlayer\pgfsysprotocol.code.tex
File: pgfsysprotocol.code.tex 2023-01-15 v3.1.10 (3.1.10)
)) (C:\Users\Felipe\AppData\Local\Programs\MiKTeX\tex/latex/xcolor\xcolor.sty
Package: xcolor 2023/11/15 v3.01 LaTeX color extensions (UK)
 (C:\Users\Felipe\AppData\Local\Programs\MiKTeX\tex/latex/graphics-cfg\color.cfg
File: color.cfg 2016/01/02 v1.6 sample color configuration
)
Package xcolor Info: Driver file: pdftex.def on input line 274.
 (C:\Users\Felipe\AppData\Local\Programs\MiKTeX\tex/latex/graphics\mathcolor.ltx)
Package xcolor Info: Model `cmy' substituted by `cmy0' on input line 1350.
Package xcolor Info: Model `hsb' substituted by `rgb' on input line 1354.
Package xcolor Info: Model `RGB' extended on input line 1366.
Package xcolor Info: Model `HTML' substituted by `rgb' on input line 1368.
Package xcolor Info: Model `Hsb' substituted by `hsb' on input line 1369.
Package xcolor Info: Model `tHsb' substituted by `hsb' on input line 1370.
Package xcolor Info: Model `HSB' substituted by `hsb' on input line 1371.
Package xcolor Info: Model `Gray' substituted by `gray' on input line 1372.
Package xcolor Info: Model `wave' substituted by `hsb' on input line 1373.
) (C:\Users\Felipe\AppData\Local\Programs\MiKTeX\tex/generic/pgf/basiclayer\pgfcore.code.tex
Package: pgfcore 2023-01-15 v3.1.10 (3.1.10)
 (C:\Users\Felipe\AppData\Local\Programs\MiKTeX\tex/generic/pgf/math\pgfmath.code.tex (C:\Users\Felipe\AppData\Local\Programs\MiKTeX\tex/generic/pgf/math\pgfmathutil.code.tex) (C:\Users\Felipe\AppData\Local\Programs\MiKTeX\tex/generic/pgf/math\pgfmathparser.code.tex
\pgfmath@dimen=\dimen165
\pgfmath@count=\count285
\pgfmath@box=\box54
\pgfmath@toks=\toks41
\pgfmath@stack@operand=\toks42
\pgfmath@stack@operation=\toks43
) (C:\Users\Felipe\AppData\Local\Programs\MiKTeX\tex/generic/pgf/math\pgfmathfunctions.code.tex) (C:\Users\Felipe\AppData\Local\Programs\MiKTeX\tex/generic/pgf/math\pgfmathfunctions.basic.code.tex) (C:\Users\Felipe\AppData\Local\Programs\MiKTeX\tex/generic/pgf/math\pgfmathfunctions.trigonometric.code.tex) (C:\Users\Felipe\AppData\Local\Programs\MiKTeX\tex/generic/pgf/math\pgfmathfunctions.random.code.tex) (C:\Users\Felipe\AppData\Local\Programs\MiKTeX\tex/generic/pgf/math\pgfmathfunctions.comparison.code.tex) (C:\Users\Felipe\AppData\Local\Programs\MiKTeX\tex/generic/pgf/math\pgfmathfunctions.base.code.tex) (C:\Users\Felipe\AppData\Local\Programs\MiKTeX\tex/generic/pgf/math\pgfmathfunctions.round.code.tex) (C:\Users\Felipe\AppData\Local\Programs\MiKTeX\tex/generic/pgf/math\pgfmathfunctions.misc.code.tex) (C:\Users\Felipe\AppData\Local\Programs\MiKTeX\tex/generic/pgf/math\pgfmathfunctions.integerarithmetics.code.tex) (C:\Users\Felipe\AppData\Local\Programs\MiKTeX\tex/generic/pgf/math\pgfmathcalc.code.tex) (C:\Users\Felipe\AppData\Local\Programs\MiKTeX\tex/generic/pgf/math\pgfmathfloat.code.tex
\c@pgfmathroundto@lastzeros=\count286
)) (C:\Users\Felipe\AppData\Local\Programs\MiKTeX\tex/generic/pgf/math\pgfint.code.tex) (C:\Users\Felipe\AppData\Local\Programs\MiKTeX\tex/generic/pgf/basiclayer\pgfcorepoints.code.tex
File: pgfcorepoints.code.tex 2023-01-15 v3.1.10 (3.1.10)
\pgf@picminx=\dimen166
\pgf@picmaxx=\dimen167
\pgf@picminy=\dimen168
\pgf@picmaxy=\dimen169
\pgf@pathminx=\dimen170
\pgf@pathmaxx=\dimen171
\pgf@pathminy=\dimen172
\pgf@pathmaxy=\dimen173
\pgf@xx=\dimen174
\pgf@xy=\dimen175
\pgf@yx=\dimen176
\pgf@yy=\dimen177
\pgf@zx=\dimen178
\pgf@zy=\dimen179
) (C:\Users\Felipe\AppData\Local\Programs\MiKTeX\tex/generic/pgf/basiclayer\pgfcorepathconstruct.code.tex
File: pgfcorepathconstruct.code.tex 2023-01-15 v3.1.10 (3.1.10)
\pgf@path@lastx=\dimen180
\pgf@path@lasty=\dimen181
) (C:\Users\Felipe\AppData\Local\Programs\MiKTeX\tex/generic/pgf/basiclayer\pgfcorepathusage.code.tex
File: pgfcorepathusage.code.tex 2023-01-15 v3.1.10 (3.1.10)
\pgf@shorten@end@additional=\dimen182
\pgf@shorten@start@additional=\dimen183
) (C:\Users\Felipe\AppData\Local\Programs\MiKTeX\tex/generic/pgf/basiclayer\pgfcorescopes.code.tex
File: pgfcorescopes.code.tex 2023-01-15 v3.1.10 (3.1.10)
\pgfpic=\box55
\pgf@hbox=\box56
\pgf@layerbox@main=\box57
\pgf@picture@serial@count=\count287
) (C:\Users\Felipe\AppData\Local\Programs\MiKTeX\tex/generic/pgf/basiclayer\pgfcoregraphicstate.code.tex
File: pgfcoregraphicstate.code.tex 2023-01-15 v3.1.10 (3.1.10)
\pgflinewidth=\dimen184
) (C:\Users\Felipe\AppData\Local\Programs\MiKTeX\tex/generic/pgf/basiclayer\pgfcoretransformations.code.tex
File: pgfcoretransformations.code.tex 2023-01-15 v3.1.10 (3.1.10)
\pgf@pt@x=\dimen185
\pgf@pt@y=\dimen186
\pgf@pt@temp=\dimen187
) (C:\Users\Felipe\AppData\Local\Programs\MiKTeX\tex/generic/pgf/basiclayer\pgfcorequick.code.tex
File: pgfcorequick.code.tex 2023-01-15 v3.1.10 (3.1.10)
) (C:\Users\Felipe\AppData\Local\Programs\MiKTeX\tex/generic/pgf/basiclayer\pgfcoreobjects.code.tex
File: pgfcoreobjects.code.tex 2023-01-15 v3.1.10 (3.1.10)
) (C:\Users\Felipe\AppData\Local\Programs\MiKTeX\tex/generic/pgf/basiclayer\pgfcorepathprocessing.code.tex
File: pgfcorepathprocessing.code.tex 2023-01-15 v3.1.10 (3.1.10)
) (C:\Users\Felipe\AppData\Local\Programs\MiKTeX\tex/generic/pgf/basiclayer\pgfcorearrows.code.tex
File: pgfcorearrows.code.tex 2023-01-15 v3.1.10 (3.1.10)
\pgfarrowsep=\dimen188
) (C:\Users\Felipe\AppData\Local\Programs\MiKTeX\tex/generic/pgf/basiclayer\pgfcoreshade.code.tex
File: pgfcoreshade.code.tex 2023-01-15 v3.1.10 (3.1.10)
\pgf@max=\dimen189
\pgf@sys@shading@range@num=\count288
\pgf@shadingcount=\count289
) (C:\Users\Felipe\AppData\Local\Programs\MiKTeX\tex/generic/pgf/basiclayer\pgfcoreimage.code.tex
File: pgfcoreimage.code.tex 2023-01-15 v3.1.10 (3.1.10)
) (C:\Users\Felipe\AppData\Local\Programs\MiKTeX\tex/generic/pgf/basiclayer\pgfcoreexternal.code.tex
File: pgfcoreexternal.code.tex 2023-01-15 v3.1.10 (3.1.10)
\pgfexternal@startupbox=\box58
) (C:\Users\Felipe\AppData\Local\Programs\MiKTeX\tex/generic/pgf/basiclayer\pgfcorelayers.code.tex
File: pgfcorelayers.code.tex 2023-01-15 v3.1.10 (3.1.10)
) (C:\Users\Felipe\AppData\Local\Programs\MiKTeX\tex/generic/pgf/basiclayer\pgfcoretransparency.code.tex
File: pgfcoretransparency.code.tex 2023-01-15 v3.1.10 (3.1.10)
) (C:\Users\Felipe\AppData\Local\Programs\MiKTeX\tex/generic/pgf/basiclayer\pgfcorepatterns.code.tex
File: pgfcorepatterns.code.tex 2023-01-15 v3.1.10 (3.1.10)
) (C:\Users\Felipe\AppData\Local\Programs\MiKTeX\tex/generic/pgf/basiclayer\pgfcorerdf.code.tex
File: pgfcorerdf.code.tex 2023-01-15 v3.1.10 (3.1.10)
))) (C:\Users\Felipe\AppData\Local\Programs\MiKTeX\tex/generic/pgf/modules\pgfmoduleshapes.code.tex
File: pgfmoduleshapes.code.tex 2023-01-15 v3.1.10 (3.1.10)
\pgfnodeparttextbox=\box59
) (C:\Users\Felipe\AppData\Local\Programs\MiKTeX\tex/generic/pgf/modules\pgfmoduleplot.code.tex
File: pgfmoduleplot.code.tex 2023-01-15 v3.1.10 (3.1.10)
) (C:\Users\Felipe\AppData\Local\Programs\MiKTeX\tex/latex/pgf/compatibility\pgfcomp-version-0-65.sty
Package: pgfcomp-version-0-65 2023-01-15 v3.1.10 (3.1.10)
\pgf@nodesepstart=\dimen190
\pgf@nodesepend=\dimen191
) (C:\Users\Felipe\AppData\Local\Programs\MiKTeX\tex/latex/pgf/compatibility\pgfcomp-version-1-18.sty
Package: pgfcomp-version-1-18 2023-01-15 v3.1.10 (3.1.10)
)) (C:\Users\Felipe\AppData\Local\Programs\MiKTeX\tex/latex/pgf/utilities\pgffor.sty (C:\Users\Felipe\AppData\Local\Programs\MiKTeX\tex/latex/pgf/utilities\pgfkeys.sty (C:\Users\Felipe\AppData\Local\Programs\MiKTeX\tex/generic/pgf/utilities\pgfkeys.code.tex)) (C:\Users\Felipe\AppData\Local\Programs\MiKTeX\tex/latex/pgf/math\pgfmath.sty (C:\Users\Felipe\AppData\Local\Programs\MiKTeX\tex/generic/pgf/math\pgfmath.code.tex)) (C:\Users\Felipe\AppData\Local\Programs\MiKTeX\tex/generic/pgf/utilities\pgffor.code.tex
Package: pgffor 2023-01-15 v3.1.10 (3.1.10)
\pgffor@iter=\dimen192
\pgffor@skip=\dimen193
\pgffor@stack=\toks44
\pgffor@toks=\toks45
)) (C:\Users\Felipe\AppData\Local\Programs\MiKTeX\tex/generic/pgf/frontendlayer/tikz\tikz.code.tex
Package: tikz 2023-01-15 v3.1.10 (3.1.10)
 (C:\Users\Felipe\AppData\Local\Programs\MiKTeX\tex/generic/pgf/libraries\pgflibraryplothandlers.code.tex
File: pgflibraryplothandlers.code.tex 2023-01-15 v3.1.10 (3.1.10)
\pgf@plot@mark@count=\count290
\pgfplotmarksize=\dimen194
)
\tikz@lastx=\dimen195
\tikz@lasty=\dimen196
\tikz@lastxsaved=\dimen197
\tikz@lastysaved=\dimen198
\tikz@lastmovetox=\dimen199
\tikz@lastmovetoy=\dimen256
\tikzleveldistance=\dimen257
\tikzsiblingdistance=\dimen258
\tikz@figbox=\box60
\tikz@figbox@bg=\box61
\tikz@tempbox=\box62
\tikz@tempbox@bg=\box63
\tikztreelevel=\count291
\tikznumberofchildren=\count292
\tikznumberofcurrentchild=\count293
\tikz@fig@count=\count294
 (C:\Users\Felipe\AppData\Local\Programs\MiKTeX\tex/generic/pgf/modules\pgfmodulematrix.code.tex
File: pgfmodulematrix.code.tex 2023-01-15 v3.1.10 (3.1.10)
\pgfmatrixcurrentrow=\count295
\pgfmatrixcurrentcolumn=\count296
\pgf@matrix@numberofcolumns=\count297
)
\tikz@expandcount=\count298
 (C:\Users\Felipe\AppData\Local\Programs\MiKTeX\tex/generic/pgf/frontendlayer/tikz/libraries\tikzlibrarytopaths.code.tex
File: tikzlibrarytopaths.code.tex 2023-01-15 v3.1.10 (3.1.10)
))) (C:\Users\Felipe\AppData\Local\Programs\MiKTeX\tex/latex/caption\caption.sty
Package: caption 2023/08/05 v3.6o Customizing captions (AR)
 (C:\Users\Felipe\AppData\Local\Programs\MiKTeX\tex/latex/caption\caption3.sty
Package: caption3 2023/07/31 v2.4d caption3 kernel (AR)
\caption@tempdima=\dimen259
\captionmargin=\dimen260
\caption@leftmargin=\dimen261
\caption@rightmargin=\dimen262
\caption@width=\dimen263
\caption@indent=\dimen264
\caption@parindent=\dimen265
\caption@hangindent=\dimen266
Package caption Info: Standard document class detected.
)
\c@caption@flags=\count299
\c@continuedfloat=\count300
) (C:\Users\Felipe\AppData\Local\Programs\MiKTeX\tex/generic/genmisc\kbordermatrix.sty
Package: kbordermatrix 2011/09/21 Bordered matrix with brackets
\kbcolsep=\skip56
\kbrowsep=\skip57
\br@kwd=\skip58
\k@bordht=\skip59
) (C:\Users\Felipe\AppData\Local\Programs\MiKTeX\tex/latex/unicode-math\unicode-math.sty (C:\Users\Felipe\AppData\Local\Programs\MiKTeX\tex/latex/l3kernel\expl3.sty
Package: expl3 2024-01-22 L3 programming layer (loader) 
 (C:\Users\Felipe\AppData\Local\Programs\MiKTeX\tex/latex/l3backend\l3backend-pdftex.def
File: l3backend-pdftex.def 2024-01-04 L3 backend support: PDF output (pdfTeX)
\l__color_backend_stack_int=\count301
\l__pdf_internal_box=\box64
))
Package: unicode-math 2023/08/13 v0.8r Unicode maths in XeLaTeX and LuaLaTeX


C:\Users\Felipe\AppData\Local\Programs\MiKTeX\tex/latex/unicode-math\unicode-math.sty:40: Package unicode-math Error: Cannot be run with pdftex!
(unicode-math)                Use XeLaTeX or LuaLaTeX instead.

Type <return> to continue.
 ...                                              
                                                  
l.40 ...ror:nn {unicode-math} {unsupported-engine}
                                                  

LaTeX does not know anything more about this error, sorry.

Try typing <return> to proceed.
If that doesn't work, type X <return> to quit.


) (C:\Users\Felipe\AppData\Local\Programs\MiKTeX\tex/latex/doublestroke\dsfont.sty
Package: dsfont 1995/08/01 v0.1 Double stroke roman fonts
) (C:\Users\Felipe\AppData\Local\Programs\MiKTeX\tex/latex/geometry\geometry.sty
Package: geometry 2020/01/02 v5.9 Page Geometry
 (C:\Users\Felipe\AppData\Local\Programs\MiKTeX\tex/generic/iftex\ifvtex.sty
Package: ifvtex 2019/10/25 v1.7 ifvtex legacy package. Use iftex instead.
)
\Gm@cnth=\count302
\Gm@cntv=\count303
\c@Gm@tempcnt=\count304
\Gm@bindingoffset=\dimen267
\Gm@wd@mp=\dimen268
\Gm@odd@mp=\dimen269
\Gm@even@mp=\dimen270
\Gm@layoutwidth=\dimen271
\Gm@layoutheight=\dimen272
\Gm@layouthoffset=\dimen273
\Gm@layoutvoffset=\dimen274
\Gm@dimlist=\toks46
 (C:\Users\Felipe\AppData\Local\Programs\MiKTeX\tex/latex/geometry\geometry.cfg)) (C:\Users\Felipe\AppData\Local\Programs\MiKTeX\tex/latex/lineno\lineno.sty
Package: lineno 2023/05/20 line numbers on paragraphs v5.3
 (C:\Users\Felipe\AppData\Local\Programs\MiKTeX\tex/latex/etoolbox\etoolbox.sty
Package: etoolbox 2020/10/05 v2.5k e-TeX tools for LaTeX (JAW)
\etb@tempcnta=\count305
) (C:\Users\Felipe\AppData\Local\Programs\MiKTeX\tex/latex/kvoptions\kvoptions.sty
Package: kvoptions 2022-06-15 v3.15 Key value format for package options (HO)
 (C:\Users\Felipe\AppData\Local\Programs\MiKTeX\tex/latex/kvsetkeys\kvsetkeys.sty
Package: kvsetkeys 2022-10-05 v1.19 Key value parser (HO)
))
\linenopenalty=\count306
\output=\toks47
\linenoprevgraf=\count307
\linenumbersep=\dimen275
\linenumberwidth=\dimen276
\c@linenumber=\count308
\c@pagewiselinenumber=\count309
\c@LN@truepage=\count310
\c@internallinenumber=\count311
\c@internallinenumbers=\count312
\quotelinenumbersep=\dimen277
\bframerule=\dimen278
\bframesep=\dimen279
\bframebox=\box65
\linenoamsmath@ams@eqpen=\count313
LaTeX Info: Redefining \\ on input line 3180.
) (C:\Users\Felipe\AppData\Local\Programs\MiKTeX\tex/latex/base\textcomp.sty
Package: textcomp 2020/02/02 v2.0n Standard LaTeX package
) (C:\Users\Felipe\AppData\Local\Programs\MiKTeX\tex/latex/fp\fp.sty
Package: fp 1995/04/02
 `Fixed Point Package', Version 0.8, April 2, 1995 (C) Michael Mehlich (C:\Users\Felipe\AppData\Local\Programs\MiKTeX\tex/latex/fp\defpattern.sty
Package: defpattern 1994/10/12
\actioncount=\count314
) (C:\Users\Felipe\AppData\Local\Programs\MiKTeX\tex/latex/fp\fp-basic.sty
Package: fp-basic 1996/05/13
\FP@xs=\count315
\FP@xia=\count316
\FP@xib=\count317
\FP@xfa=\count318
\FP@xfb=\count319
\FP@rega=\count320
\FP@regb=\count321
\FP@regs=\count322
\FP@times=\count323
) (C:\Users\Felipe\AppData\Local\Programs\MiKTeX\tex/latex/fp\fp-addons.sty
Package: fp-addons 1995/03/15
) (C:\Users\Felipe\AppData\Local\Programs\MiKTeX\tex/latex/fp\fp-snap.sty
Package: fp-snap 1995/04/05
) (C:\Users\Felipe\AppData\Local\Programs\MiKTeX\tex/latex/fp\fp-exp.sty
Package: fp-exp 1995/04/03
) (C:\Users\Felipe\AppData\Local\Programs\MiKTeX\tex/latex/fp\fp-trigo.sty
Package: fp-trigo 1995/04/14
) (C:\Users\Felipe\AppData\Local\Programs\MiKTeX\tex/latex/fp\fp-pas.sty
Package: fp-pas 1994/08/29
) (C:\Users\Felipe\AppData\Local\Programs\MiKTeX\tex/latex/fp\fp-random.sty
Package: fp-random 1995/02/23
\FPseed=\count324
) (C:\Users\Felipe\AppData\Local\Programs\MiKTeX\tex/latex/fp\fp-eqn.sty
Package: fp-eqn 1995/04/03
) (C:\Users\Felipe\AppData\Local\Programs\MiKTeX\tex/latex/fp\fp-upn.sty
Package: fp-upn 1996/10/21
) (C:\Users\Felipe\AppData\Local\Programs\MiKTeX\tex/latex/fp\fp-eval.sty
Package: fp-eval 1995/04/03
)) (C:\Users\Felipe\AppData\Local\Programs\MiKTeX\tex/latex/biblatex\biblatex.sty
Package: biblatex 2023/03/05 v3.19 programmable bibliographies (PK/MW)
 (C:\Users\Felipe\AppData\Local\Programs\MiKTeX\tex/latex/logreq\logreq.sty
Package: logreq 2010/08/04 v1.0 xml request logger
\lrq@indent=\count325
 (C:\Users\Felipe\AppData\Local\Programs\MiKTeX\tex/latex/logreq\logreq.def
File: logreq.def 2010/08/04 v1.0 logreq spec v1.0
)) (C:\Users\Felipe\AppData\Local\Programs\MiKTeX\tex/latex/base\ifthen.sty
Package: ifthen 2022/04/13 v1.1d Standard LaTeX ifthen package (DPC)
) (C:\Users\Felipe\AppData\Local\Programs\MiKTeX\tex/latex/url\url.sty
\Urlmuskip=\muskip17
Package: url 2013/09/16  ver 3.4  Verb mode for urls, etc.
)
\c@tabx@nest=\count326
\c@listtotal=\count327
\c@listcount=\count328
\c@liststart=\count329
\c@liststop=\count330
\c@citecount=\count331
\c@citetotal=\count332
\c@multicitecount=\count333
\c@multicitetotal=\count334
\c@instcount=\count335
\c@maxnames=\count336
\c@minnames=\count337
\c@maxitems=\count338
\c@minitems=\count339
\c@citecounter=\count340
\c@maxcitecounter=\count341
\c@savedcitecounter=\count342
\c@uniquelist=\count343
\c@uniquename=\count344
\c@refsection=\count345
\c@refsegment=\count346
\c@maxextratitle=\count347
\c@maxextratitleyear=\count348
\c@maxextraname=\count349
\c@maxextradate=\count350
\c@maxextraalpha=\count351
\c@abbrvpenalty=\count352
\c@highnamepenalty=\count353
\c@lownamepenalty=\count354
\c@maxparens=\count355
\c@parenlevel=\count356
\blx@tempcnta=\count357
\blx@tempcntb=\count358
\blx@tempcntc=\count359
\c@blx@maxsection=\count360
\blx@maxsegment@0=\count361
\blx@notetype=\count362
\blx@parenlevel@text=\count363
\blx@parenlevel@foot=\count364
\blx@sectionciteorder@0=\count365
\blx@sectionciteorderinternal@0=\count366
\blx@entrysetcounter=\count367
\blx@biblioinstance=\count368
\labelnumberwidth=\skip60
\labelalphawidth=\skip61
\biblabelsep=\skip62
\bibitemsep=\skip63
\bibnamesep=\skip64
\bibinitsep=\skip65
\bibparsep=\skip66
\bibhang=\skip67
\blx@bcfin=\read4
\blx@bcfout=\write4
\blx@langwohyphens=\language80
\c@mincomprange=\count369
\c@maxcomprange=\count370
\c@mincompwidth=\count371
Package biblatex Info: Trying to load biblatex default data model...
Package biblatex Info: ... file 'blx-dm.def' found.
 (C:\Users\Felipe\AppData\Local\Programs\MiKTeX\tex/latex/biblatex\blx-dm.def
File: blx-dm.def 2023/03/05 v3.19 biblatex localization (PK/MW)
)
Package biblatex Info: Trying to load biblatex style data model...
Package biblatex Info: ... file 'numeric.dbx' not found.
Package biblatex Info: Trying to load biblatex custom data model...
Package biblatex Info: ... file 'biblatex-dm.cfg' not found.
\c@afterword=\count372
\c@savedafterword=\count373
\c@annotator=\count374
\c@savedannotator=\count375
\c@author=\count376
\c@savedauthor=\count377
\c@bookauthor=\count378
\c@savedbookauthor=\count379
\c@commentator=\count380
\c@savedcommentator=\count381
\c@editor=\count382
\c@savededitor=\count383
\c@editora=\count384
\c@savededitora=\count385
\c@editorb=\count386
\c@savededitorb=\count387
\c@editorc=\count388
\c@savededitorc=\count389
\c@foreword=\count390
\c@savedforeword=\count391
\c@holder=\count392
\c@savedholder=\count393
\c@introduction=\count394
\c@savedintroduction=\count395
\c@namea=\count396
\c@savednamea=\count397
\c@nameb=\count398
\c@savednameb=\count399
\c@namec=\count400
\c@savednamec=\count401
\c@translator=\count402
\c@savedtranslator=\count403
\c@shortauthor=\count404
\c@savedshortauthor=\count405
\c@shorteditor=\count406
\c@savedshorteditor=\count407
\c@labelname=\count408
\c@savedlabelname=\count409
\c@institution=\count410
\c@savedinstitution=\count411
\c@lista=\count412
\c@savedlista=\count413
\c@listb=\count414
\c@savedlistb=\count415
\c@listc=\count416
\c@savedlistc=\count417
\c@listd=\count418
\c@savedlistd=\count419
\c@liste=\count420
\c@savedliste=\count421
\c@listf=\count422
\c@savedlistf=\count423
\c@location=\count424
\c@savedlocation=\count425
\c@organization=\count426
\c@savedorganization=\count427
\c@origlocation=\count428
\c@savedoriglocation=\count429
\c@origpublisher=\count430
\c@savedorigpublisher=\count431
\c@publisher=\count432
\c@savedpublisher=\count433
\c@language=\count434
\c@savedlanguage=\count435
\c@origlanguage=\count436
\c@savedoriglanguage=\count437
\c@pageref=\count438
\c@savedpageref=\count439
\shorthandwidth=\skip68
\shortjournalwidth=\skip69
\shortserieswidth=\skip70
\shorttitlewidth=\skip71
\shortauthorwidth=\skip72
\shorteditorwidth=\skip73
\locallabelnumberwidth=\skip74
\locallabelalphawidth=\skip75
\localshorthandwidth=\skip76
\localshortjournalwidth=\skip77
\localshortserieswidth=\skip78
\localshorttitlewidth=\skip79
\localshortauthorwidth=\skip80
\localshorteditorwidth=\skip81
Package biblatex Info: Trying to load compatibility code...
Package biblatex Info: ... file 'blx-compat.def' found.
 (C:\Users\Felipe\AppData\Local\Programs\MiKTeX\tex/latex/biblatex\blx-compat.def
File: blx-compat.def 2023/03/05 v3.19 biblatex compatibility (PK/MW)
)
Package biblatex Info: Trying to load generic definitions...
Package biblatex Info: ... file 'biblatex.def' found.
 (C:\Users\Felipe\AppData\Local\Programs\MiKTeX\tex/latex/biblatex\biblatex.def
File: biblatex.def 2023/03/05 v3.19 biblatex compatibility (PK/MW)
\c@textcitecount=\count440
\c@textcitetotal=\count441
\c@textcitemaxnames=\count442
\c@biburlbigbreakpenalty=\count443
\c@biburlbreakpenalty=\count444
\c@biburlnumpenalty=\count445
\c@biburlucpenalty=\count446
\c@biburllcpenalty=\count447
\biburlbigskip=\muskip18
\biburlnumskip=\muskip19
\biburlucskip=\muskip20
\biburllcskip=\muskip21
\c@smartand=\count448
)
Package biblatex Info: Trying to load bibliography style 'numeric'...
Package biblatex Info: ... file 'numeric.bbx' found.
 (C:\Users\Felipe\AppData\Local\Programs\MiKTeX\tex/latex/biblatex/bbx\numeric.bbx
File: numeric.bbx 2023/03/05 v3.19 biblatex bibliography style (PK/MW)
Package biblatex Info: Trying to load bibliography style 'standard'...
Package biblatex Info: ... file 'standard.bbx' found.
 (C:\Users\Felipe\AppData\Local\Programs\MiKTeX\tex/latex/biblatex/bbx\standard.bbx
File: standard.bbx 2023/03/05 v3.19 biblatex bibliography style (PK/MW)
\c@bbx:relatedcount=\count449
\c@bbx:relatedtotal=\count450
))
Package biblatex Info: Trying to load citation style 'numeric'...
Package biblatex Info: ... file 'numeric.cbx' found.
 (C:\Users\Felipe\AppData\Local\Programs\MiKTeX\tex/latex/biblatex/cbx\numeric.cbx
File: numeric.cbx 2023/03/05 v3.19 biblatex citation style (PK/MW)
Package biblatex Info: Redefining '\cite'.
Package biblatex Info: Redefining '\parencite'.
Package biblatex Info: Redefining '\footcite'.
Package biblatex Info: Redefining '\footcitetext'.
Package biblatex Info: Redefining '\smartcite'.
Package biblatex Info: Redefining '\supercite'.
Package biblatex Info: Redefining '\textcite'.
Package biblatex Info: Redefining '\textcites'.
Package biblatex Info: Redefining '\cites'.
Package biblatex Info: Redefining '\parencites'.
Package biblatex Info: Redefining '\smartcites'.
)
Package biblatex Info: Trying to load configuration file...
Package biblatex Info: ... file 'biblatex.cfg' found.
 (C:\Users\Felipe\AppData\Local\Programs\MiKTeX\tex/latex/biblatex\biblatex.cfg
File: biblatex.cfg 
)
Package biblatex Info: Input encoding 'utf8' detected.
Package biblatex Info: Document encoding is UTF8 ....
Package biblatex Info: ... and expl3
(biblatex)             2024-01-22 L3 programming layer (loader) 
(biblatex)             is new enough (at least 2020/04/06),
(biblatex)             setting 'casechanger=expl3'.
 (C:\Users\Felipe\AppData\Local\Programs\MiKTeX\tex/latex/biblatex\blx-case-expl3.sty (C:\Users\Felipe\AppData\Local\Programs\MiKTeX\tex/latex/l3packages/xparse\xparse.sty
Package: xparse 2023-10-10 L3 Experimental document command parser
)
Package: blx-case-expl3 2023/03/05 v3.19 expl3 case changing code for biblatex
)) (C:\Users\Felipe\AppData\Local\Programs\MiKTeX\tex/generic/pgf/frontendlayer/tikz/libraries\tikzlibraryshapes.geometric.code.tex
File: tikzlibraryshapes.geometric.code.tex 2023-01-15 v3.1.10 (3.1.10)
 (C:\Users\Felipe\AppData\Local\Programs\MiKTeX\tex/generic/pgf/libraries/shapes\pgflibraryshapes.geometric.code.tex
File: pgflibraryshapes.geometric.code.tex 2023-01-15 v3.1.10 (3.1.10)
)) (C:\Users\Felipe\AppData\Local\Programs\MiKTeX\tex/latex/colortbl\colortbl.sty
Package: colortbl 2022/06/20 v1.0f Color table columns (DPC)
 (C:\Users\Felipe\AppData\Local\Programs\MiKTeX\tex/latex/tools\array.sty
Package: array 2023/10/16 v2.5g Tabular extension package (FMi)
\col@sep=\dimen280
\ar@mcellbox=\box66
\extrarowheight=\dimen281
\NC@list=\toks48
\extratabsurround=\skip82
\backup@length=\skip83
\ar@cellbox=\box67
)
\everycr=\toks49
\minrowclearance=\skip84
\rownum=\count451
) (C:\Users\Felipe\AppData\Local\Programs\MiKTeX\tex/latex/hyperref\hyperref.sty
Package: hyperref 2024-01-20 v7.01h Hypertext links for LaTeX
 (C:\Users\Felipe\AppData\Local\Programs\MiKTeX\tex/generic/kvdefinekeys\kvdefinekeys.sty
Package: kvdefinekeys 2019-12-19 v1.6 Define keys (HO)
) (C:\Users\Felipe\AppData\Local\Programs\MiKTeX\tex/generic/pdfescape\pdfescape.sty
Package: pdfescape 2019/12/09 v1.15 Implements pdfTeX's escape features (HO)
) (C:\Users\Felipe\AppData\Local\Programs\MiKTeX\tex/latex/hycolor\hycolor.sty
Package: hycolor 2020-01-27 v1.10 Color options for hyperref/bookmark (HO)
) (C:\Users\Felipe\AppData\Local\Programs\MiKTeX\tex/latex/auxhook\auxhook.sty
Package: auxhook 2019-12-17 v1.6 Hooks for auxiliary files (HO)
) (C:\Users\Felipe\AppData\Local\Programs\MiKTeX\tex/latex/hyperref\nameref.sty
Package: nameref 2023-11-26 v2.56 Cross-referencing by name of section
 (C:\Users\Felipe\AppData\Local\Programs\MiKTeX\tex/latex/refcount\refcount.sty
Package: refcount 2019/12/15 v3.6 Data extraction from label references (HO)
) (C:\Users\Felipe\AppData\Local\Programs\MiKTeX\tex/generic/gettitlestring\gettitlestring.sty
Package: gettitlestring 2019/12/15 v1.6 Cleanup title references (HO)
)
\c@section@level=\count452
)
\@linkdim=\dimen282
\Hy@linkcounter=\count453
\Hy@pagecounter=\count454
 (C:\Users\Felipe\AppData\Local\Programs\MiKTeX\tex/latex/hyperref\pd1enc.def
File: pd1enc.def 2024-01-20 v7.01h Hyperref: PDFDocEncoding definition (HO)
Now handling font encoding PD1 ...
... no UTF-8 mapping file for font encoding PD1
) (C:\Users\Felipe\AppData\Local\Programs\MiKTeX\tex/generic/intcalc\intcalc.sty
Package: intcalc 2019/12/15 v1.3 Expandable calculations with integers (HO)
)
\Hy@SavedSpaceFactor=\count455
 (C:\Users\Felipe\AppData\Local\Programs\MiKTeX\tex/latex/hyperref\puenc.def
File: puenc.def 2024-01-20 v7.01h Hyperref: PDF Unicode definition (HO)
Now handling font encoding PU ...
... no UTF-8 mapping file for font encoding PU
)
Package hyperref Info: Hyper figures OFF on input line 4179.
Package hyperref Info: Link nesting OFF on input line 4184.
Package hyperref Info: Hyper index ON on input line 4187.
Package hyperref Info: Plain pages OFF on input line 4194.
Package hyperref Info: Backreferencing OFF on input line 4199.
Package hyperref Info: Implicit mode ON; LaTeX internals redefined.
Package hyperref Info: Bookmarks ON on input line 4446.
\c@Hy@tempcnt=\count456
LaTeX Info: Redefining \url on input line 4784.
\XeTeXLinkMargin=\dimen283
 (C:\Users\Felipe\AppData\Local\Programs\MiKTeX\tex/generic/bitset\bitset.sty
Package: bitset 2019/12/09 v1.3 Handle bit-vector datatype (HO)
 (C:\Users\Felipe\AppData\Local\Programs\MiKTeX\tex/generic/bigintcalc\bigintcalc.sty
Package: bigintcalc 2019/12/15 v1.5 Expandable calculations on big integers (HO)
))
\Fld@menulength=\count457
\Field@Width=\dimen284
\Fld@charsize=\dimen285
Package hyperref Info: Hyper figures OFF on input line 6063.
Package hyperref Info: Link nesting OFF on input line 6068.
Package hyperref Info: Hyper index ON on input line 6071.
Package hyperref Info: backreferencing OFF on input line 6078.
Package hyperref Info: Link coloring OFF on input line 6083.
Package hyperref Info: Link coloring with OCG OFF on input line 6088.
Package hyperref Info: PDF/A mode OFF on input line 6093.
 (C:\Users\Felipe\AppData\Local\Programs\MiKTeX\tex/latex/base\atbegshi-ltx.sty
Package: atbegshi-ltx 2021/01/10 v1.0c Emulation of the original atbegshi
package with kernel methods
)
\Hy@abspage=\count458
\c@Item=\count459
\c@Hfootnote=\count460
)
Package hyperref Info: Driver (autodetected): hpdftex.
 (C:\Users\Felipe\AppData\Local\Programs\MiKTeX\tex/latex/hyperref\hpdftex.def
File: hpdftex.def 2024-01-20 v7.01h Hyperref driver for pdfTeX
 (C:\Users\Felipe\AppData\Local\Programs\MiKTeX\tex/latex/base\atveryend-ltx.sty
Package: atveryend-ltx 2020/08/19 v1.0a Emulation of the original atveryend package
with kernel methods
)
\Fld@listcount=\count461
\c@bookmark@seq@number=\count462
 (C:\Users\Felipe\AppData\Local\Programs\MiKTeX\tex/latex/rerunfilecheck\rerunfilecheck.sty
Package: rerunfilecheck 2022-07-10 v1.10 Rerun checks for auxiliary files (HO)
 (C:\Users\Felipe\AppData\Local\Programs\MiKTeX\tex/generic/uniquecounter\uniquecounter.sty
Package: uniquecounter 2019/12/15 v1.4 Provide unlimited unique counter (HO)
)
Package uniquecounter Info: New unique counter `rerunfilecheck' on input line 285.
)
\Hy@SectionHShift=\skip85
)
Package hyperref Info: Option `colorlinks' set `true' on input line 51.
\c@teorema=\count463
 (C:\Users\Felipe\AppData\Local\Programs\MiKTeX\tex/latex/pgfgantt\pgfgantt.sty
Package: pgfgantt 2018/01/10 v5.0 Draw Gantt diagrams with TikZ
 (C:\Users\Felipe\AppData\Local\Programs\MiKTeX\tex/generic/pgf/frontendlayer/tikz/libraries\tikzlibraryarrows.code.tex
File: tikzlibraryarrows.code.tex 2023-01-15 v3.1.10 (3.1.10)
 (C:\Users\Felipe\AppData\Local\Programs\MiKTeX\tex/generic/pgf/libraries\pgflibraryarrows.code.tex
File: pgflibraryarrows.code.tex 2023-01-15 v3.1.10 (3.1.10)
\arrowsize=\dimen286
)) (C:\Users\Felipe\AppData\Local\Programs\MiKTeX\tex/generic/pgf/frontendlayer/tikz/libraries\tikzlibrarybackgrounds.code.tex
File: tikzlibrarybackgrounds.code.tex 2023-01-15 v3.1.10 (3.1.10)
\pgf@layerbox@background=\box68
\pgf@layerboxsaved@background=\box69
) (C:\Users\Felipe\AppData\Local\Programs\MiKTeX\tex/generic/pgf/frontendlayer/tikz/libraries\tikzlibrarycalc.code.tex
File: tikzlibrarycalc.code.tex 2023-01-15 v3.1.10 (3.1.10)
) (C:\Users\Felipe\AppData\Local\Programs\MiKTeX\tex/generic/pgf/frontendlayer/tikz/libraries\tikzlibrarypatterns.code.tex
File: tikzlibrarypatterns.code.tex 2023-01-15 v3.1.10 (3.1.10)
 (C:\Users\Felipe\AppData\Local\Programs\MiKTeX\tex/generic/pgf/libraries\pgflibrarypatterns.code.tex
File: pgflibrarypatterns.code.tex 2023-01-15 v3.1.10 (3.1.10)
)) (C:\Users\Felipe\AppData\Local\Programs\MiKTeX\tex/generic/pgf/frontendlayer/tikz/libraries\tikzlibrarypositioning.code.tex
File: tikzlibrarypositioning.code.tex 2023-01-15 v3.1.10 (3.1.10)
) (C:\Users\Felipe\AppData\Local\Programs\MiKTeX\tex/latex/pgf/utilities\pgfcalendar.sty (C:\Users\Felipe\AppData\Local\Programs\MiKTeX\tex/generic/pgf/utilities\pgfcalendar.code.tex
File: pgfcalendar.code.tex 2023-01-15 v3.1.10 (3.1.10)
\pgfcalendarcurrentjulian=\count464
\pgf@cal@easter@Y=\count465
\pgf@cal@easter@G=\count466
\pgf@cal@easter@C=\count467
\pgf@cal@easter@X=\count468
\pgf@cal@easter@Z=\count469
\pgf@cal@easter@D=\count470
\pgf@cal@easter@E=\count471
\pgf@cal@easter@N=\count472
\pgf@cal@easter@M=\count473
\pgf@cal@easter@julianday=\count474
))
\gtt@currentline=\count475
\gtt@lasttitleline=\count476
\gtt@currgrid=\count477
\gtt@chartwidth=\count478
\gtt@lasttitleslot=\count479
\gtt@elementid=\count480
\gtt@today@slot=\count481
\gtt@startjulian=\count482
\gtt@endjulian=\count483
\gtt@chartid=\count484
\gtt@vrule@slot=\count485
\gtt@calendar@slots=\count486
\gtt@calendar@weeknumber=\count487
\gtt@calendar@startofweek=\count488
\gtt@left@slot=\count489
\gtt@right@slot=\count490
) (C:\Users\Felipe\AppData\Local\Programs\MiKTeX\tex/latex/forloop\forloop.sty
Package: forloop 2023/05/03 v3.0 For Loops for LaTeX
)
\c@loopcntr=\count491


Package biblatex Warning: 'babel/polyglossia' detected but 'csquotes' missing.
(biblatex)                Loading 'csquotes' recommended.

\@quotelevel=\count492
\@quotereset=\count493
(C:\Tesis\Documento Tesis\build\Tesis_corr1 copy.aux)
\openout1 = `"Tesis_corr1 copy.aux"'.

LaTeX Font Info:    Checking defaults for OML/cmm/m/it on input line 177.
LaTeX Font Info:    ... okay on input line 177.
LaTeX Font Info:    Checking defaults for OMS/cmsy/m/n on input line 177.
LaTeX Font Info:    ... okay on input line 177.
LaTeX Font Info:    Checking defaults for OT1/cmr/m/n on input line 177.
LaTeX Font Info:    ... okay on input line 177.
LaTeX Font Info:    Checking defaults for T1/cmr/m/n on input line 177.
LaTeX Font Info:    ... okay on input line 177.
LaTeX Font Info:    Checking defaults for TS1/cmr/m/n on input line 177.
LaTeX Font Info:    ... okay on input line 177.
LaTeX Font Info:    Checking defaults for OMX/cmex/m/n on input line 177.
LaTeX Font Info:    ... okay on input line 177.
LaTeX Font Info:    Checking defaults for U/DSSerif/m/n on input line 177.
LaTeX Font Info:    ... okay on input line 177.
LaTeX Font Info:    Checking defaults for PD1/pdf/m/n on input line 177.
LaTeX Font Info:    ... okay on input line 177.
LaTeX Font Info:    Checking defaults for PU/pdf/m/n on input line 177.
LaTeX Font Info:    ... okay on input line 177.
LaTeX Info: Redefining \. on input line 177.
LaTeX Info: Redefining \% on input line 177.
 (C:\Users\Felipe\AppData\Local\Programs\MiKTeX\tex/context/base/mkii\supp-pdf.mkii
[Loading MPS to PDF converter (version 2006.09.02).]
\scratchcounter=\count494
\scratchdimen=\dimen287
\scratchbox=\box70
\nofMPsegments=\count495
\nofMParguments=\count496
\everyMPshowfont=\toks50
\MPscratchCnt=\count497
\MPscratchDim=\dimen288
\MPnumerator=\count498
\makeMPintoPDFobject=\count499
\everyMPtoPDFconversion=\toks51
) (C:\Users\Felipe\AppData\Local\Programs\MiKTeX\tex/latex/epstopdf-pkg\epstopdf-base.sty
Package: epstopdf-base 2020-01-24 v2.11 Base part for package epstopdf
Package epstopdf-base Info: Redefining graphics rule for `.eps' on input line 485.
 (C:\Users\Felipe\AppData\Local\Programs\MiKTeX\tex/latex/00miktex\epstopdf-sys.cfg
File: epstopdf-sys.cfg 2021/03/18 v2.0 Configuration of epstopdf for MiKTeX
))
Package caption Info: Begin \AtBeginDocument code.
Package caption Info: hyperref package is loaded.
Package caption Info: End \AtBeginDocument code.

*geometry* driver: auto-detecting
*geometry* detected driver: pdftex
*geometry* verbose mode - [ preamble ] result:
* driver: pdftex
* paper: letterpaper
* layout: <same size as paper>
* layoutoffset:(h,v)=(0.0pt,0.0pt)
* modes: 
* h-part:(L,W,R)=(113.81102pt, 429.3521pt, 71.13188pt)
* v-part:(T,H,B)=(71.13188pt, 652.70622pt, 71.13188pt)
* \paperwidth=614.295pt
* \paperheight=794.96999pt
* \textwidth=429.3521pt
* \textheight=652.70622pt
* \oddsidemargin=41.54103pt
* \evensidemargin=41.54103pt
* \topmargin=-33.0119pt
* \headheight=12.0pt
* \headsep=19.8738pt
* \topskip=12.0pt
* \footskip=30.0pt
* \marginparwidth=47.0pt
* \marginparsep=7.0pt
* \columnsep=10.0pt
* \skip\footins=10.8pt plus 4.0pt minus 2.0pt
* \hoffset=0.0pt
* \voffset=0.0pt
* \mag=1000
* \@twocolumnfalse
* \@twosidefalse
* \@mparswitchfalse
* \@reversemarginfalse
* (1in=72.27pt=25.4mm, 1cm=28.453pt)

Package biblatex Info: Trying to load language 'spanish'...
Package biblatex Info: ... file 'spanish.lbx' found.
(C:\Users\Felipe\AppData\Local\Programs\MiKTeX\tex/latex/biblatex/lbx\spanish.lbx
File: spanish.lbx 2023/03/05 v3.19 biblatex localization (PK/MW)
)
Package biblatex Info: Input encoding 'utf8' detected.
Package biblatex Info: Automatic encoding selection.
(biblatex)             Assuming data encoding 'utf8'.
\openout4 = `"Tesis_corr1 copy.bcf"'.

Package biblatex Info: Trying to load bibliographic data...
Package biblatex Info: ... file '"Tesis_corr1 copy".bbl' not found.

No file "Tesis_corr1 copy".bbl.
Package biblatex Info: Reference section=0 on input line 177.
Package biblatex Info: Reference segment=0 on input line 177.
Package hyperref Info: Link coloring ON on input line 177.
\@outlinefile=\write5
\openout5 = `"Tesis_corr1 copy.out"'.

(Preambulo/preambulo.tex
<Imágenes/logo5.png, id=6, 453.49425pt x 539.01375pt>
File: Imágenes/logo5.png Graphic file (type png)
<use Imágenes/logo5.png>
Package pdftex.def Info: Imágenes/logo5.png  used on input line 19.
(pdftex.def)             Requested size: 56.9055pt x 67.63152pt.

Overfull \hbox (13.96768pt too wide) in paragraph at lines 19--20
 [][] 
 []

[1


{C:/Users/Felipe/AppData/Local/MiKTeX/fonts/map/pdftex/pdftex.map} <./Imágenes/logo5.png>] [1]
File: Imágenes/logo5.png Graphic file (type png)
<use Imágenes/logo5.png>
Package pdftex.def Info: Imágenes/logo5.png  used on input line 102.
(pdftex.def)             Requested size: 56.9055pt x 67.63152pt.

Overfull \hbox (13.96768pt too wide) in paragraph at lines 102--103
 [][] 
 []

LaTeX Font Info:    Trying to load font information for U+msa on input line 135.
(C:\Users\Felipe\AppData\Local\Programs\MiKTeX\tex/latex/amsfonts\umsa.fd
File: umsa.fd 2013/01/14 v3.01 AMS symbols A
)
LaTeX Font Info:    Trying to load font information for U+msb on input line 135.
 (C:\Users\Felipe\AppData\Local\Programs\MiKTeX\tex/latex/amsfonts\umsb.fd
File: umsb.fd 2013/01/14 v3.01 AMS symbols B
)
Overfull \hbox (19.47154pt too wide) in paragraph at lines 135--153
 []
 []

[2] [3]) [4

] [5]
No file "Tesis_corr1 copy".toc.
\tf@toc=\write6
\openout6 = `"Tesis_corr1 copy.toc"'.

[6

]
No file "Tesis_corr1 copy".lof.
\tf@lof=\write7
\openout7 = `"Tesis_corr1 copy.lof"'.

[7

]

LaTeX Warning: Reference `cuasi-aleatoriedad' on page 1 undefined on input line 260.


LaTeX Warning: Reference `Sec. LRS' on page 1 undefined on input line 260.


LaTeX Warning: Reference `Preliminares' on page 1 undefined on input line 260.


pdfTeX warning (ext4): destination with the same identifier (name{page.1}) has been already used, duplicate ignored
<to be read again> 
                   \relax 
l.261 
       [1


]
LaTeX Info: Redefining \. on input line 262.
LaTeX Info: Redefining \% on input line 262.
 [2]
Cap\'{\i }tulo 1.

LaTeX Warning: Reference `Teoría de grafos' on page 3 undefined on input line 264.


LaTeX Warning: Reference `Teoría espectral' on page 3 undefined on input line 264.


LaTeX Warning: Reference `Grafos aleatorios' on page 3 undefined on input line 264.


LaTeX Warning: Reference `cuasi-aleatoriedad' on page 3 undefined on input line 264.

LaTeX Font Info:    Font shape `U/DSSerif/m/n' will be
(Font)              scaled to size 12.0pt on input line 266.
LaTeX Font Info:    Font shape `U/DSSerif/m/n' will be
(Font)              scaled to size 8.0pt on input line 266.
LaTeX Font Info:    Font shape `U/DSSerif/m/n' will be
(Font)              scaled to size 6.0pt on input line 266.
[3

]
LaTeX Info: Redefining \. on input line 314.
LaTeX Info: Redefining \% on input line 314.
 [4]
LaTeX Font Info:    Trying to load font information for U+bbm on input line 317.
 (C:\Users\Felipe\AppData\Local\Programs\MiKTeX\tex/latex/bbm\ubbm.fd
File: ubbm.fd 1999/03/15 V 1.2 Font definition for bbm font - TH
)

LaTeX Warning: Reference `cuasi-aleatoriedad' on page 5 undefined on input line 339.

LaTeX Info: Redefining \. on input line 352.
LaTeX Info: Redefining \% on input line 352.
[5]
LaTeX Info: Redefining \. on input line 393.
LaTeX Info: Redefining \% on input line 393.
 [6]
Overfull \hbox (91.9455pt too wide) detected at line 482
[]
 []


LaTeX Warning: `h' float specifier changed to `ht'.

LaTeX Info: Redefining \. on input line 487.
LaTeX Info: Redefining \% on input line 487.
[7]
LaTeX Info: Redefining \. on input line 535.
LaTeX Info: Redefining \% on input line 535.
 [8]

LaTeX Warning: `h' float specifier changed to `ht'.

LaTeX Info: Redefining \. on input line 598.
LaTeX Info: Redefining \% on input line 598.
[9]

LaTeX Warning: Reference `Sec. LRS' on page 10 undefined on input line 606.


LaTeX Warning: Reference `eq e(X,Y)' on page 10 undefined on input line 606.


LaTeX Warning: Reference `matriz_adyacencia' on page 10 undefined on input line 606.

LaTeX Info: Redefining \. on input line 617.
LaTeX Info: Redefining \% on input line 617.
[10]

LaTeX Warning: Reference `A1=Mdeg' on page 11 undefined on input line 628.

LaTeX Info: Redefining \. on input line 629.
LaTeX Info: Redefining \% on input line 629.
[11]

LaTeX Warning: Citation 'axler2024linear' on page 12 undefined on input line 631.


LaTeX Warning: Reference `Descomposición espectral' on page 12 undefined on input line 691.


LaTeX Warning: Reference `Tr = autvalor' on page 12 undefined on input line 697.


LaTeX Warning: Reference `Tr_Ak' on page 12 undefined on input line 697.

LaTeX Info: Redefining \. on input line 698.
LaTeX Info: Redefining \% on input line 698.
[12]
LaTeX Info: Redefining \. on input line 727.
LaTeX Info: Redefining \% on input line 727.
 [13]

LaTeX Warning: Reference `cuasi-aleatoriedad' on page 14 undefined on input line 729.


LaTeX Warning: Citation 'zhao2023graph' on page 14 undefined on input line 733.


Overfull \hbox (1.60135pt too wide) in paragraph at lines 749--750
[][]\OT1/cmr/bx/n/12 Corolario 9. []\OT1/cmr/m/it/12 Sea $\OML/cmm/m/it/12 ^^U[]$ \OT1/cmr/m/it/12 el va-lor pro-pio m^^Sas gran-de de la ma-triz sim^^Setri-ca $\OML/cmm/m/it/12 A \OMS/cmsy/m/n/12 2 M[]\OT1/cmr/m/n/12 (\U/DSSerif/m/n/12 R\OT1/cmr/m/n/12 )$\OT1/cmr/m/it/12 ,
 []

LaTeX Info: Redefining \. on input line 765.
LaTeX Info: Redefining \% on input line 765.
[14]

LaTeX Warning: Reference `Teo Courant-Fischer' on page 15 undefined on input line 769.


LaTeX Warning: Reference `A1=Mdeg' on page 15 undefined on input line 776.


LaTeX Warning: Citation 'erdds1959random' on page 15 undefined on input line 781.


LaTeX Warning: Citation 'gilbert1959random' on page 15 undefined on input line 781.


Overfull \hbox (69.63815pt too wide) in paragraph at lines 781--782
[]\OT1/cmr/m/n/12 En 1959, P. Erd}os y A. R^^Senyi [[]] (tam-bi^^Sen E. Gil-bert [[]])
 []

LaTeX Info: Redefining \. on input line 789.
LaTeX Info: Redefining \% on input line 789.
[15]

LaTeX Warning: Citation 'janson2011random' on page 16 undefined on input line 795.


LaTeX Warning: Reference `G(n,p) sat DISC' on page 16 undefined on input line 803.

LaTeX Info: Redefining \. on input line 824.
LaTeX Info: Redefining \% on input line 824.
[16]

LaTeX Warning: Reference `bound_chernov' on page 17 undefined on input line 837.


LaTeX Warning: Reference `bound_chernov' on page 17 undefined on input line 837.

LaTeX Info: Redefining \. on input line 861.
LaTeX Info: Redefining \% on input line 861.
[17]
Cap\'{\i }tulo 2.

LaTeX Warning: Citation 'rodl1986universality' on page 18 undefined on input line 863.


LaTeX Warning: Citation 'thomason1987pseudo' on page 18 undefined on input line 863.


Overfull \hbox (41.18457pt too wide) in paragraph at lines 863--864
\OT1/cmr/m/n/12 dio sis-tem^^Sati-co de los gra-fos cuasi-aleatorios fue ini-cia-do por V. R}odl [[]]
 []


LaTeX Warning: Reference `G(n,p) sat DISC' on page 18 undefined on input line 867.


LaTeX Warning: Citation 'chung1989quasi' on page 18 undefined on input line 871.

[18

]

LaTeX Warning: Reference `Teorema CGW' on page 19 undefined on input line 903.


LaTeX Warning: Reference `Teorema CGW' on page 19 undefined on input line 903.

LaTeX Info: Redefining \. on input line 904.
LaTeX Info: Redefining \% on input line 904.
[19]
LaTeX Font Info:    Font shape `U/DSSerif/m/n' will be
(Font)              scaled to size 10.0pt on input line 907.
LaTeX Font Info:    Font shape `U/DSSerif/m/n' will be
(Font)              scaled to size 7.0pt on input line 907.
LaTeX Font Info:    Font shape `U/DSSerif/m/n' will be
(Font)              scaled to size 5.0pt on input line 907.


LaTeX Warning: Reference `Teorema CGW' on page 20 undefined on input line 907.


LaTeX Warning: Reference `Teorema CGW' on page 20 undefined on input line 907.


LaTeX Warning: Reference `discp => count' on page 20 undefined on input line 916.


LaTeX Warning: Reference `count => C4' on page 20 undefined on input line 916.


LaTeX Warning: Reference `eig => C4' on page 20 undefined on input line 916.


LaTeX Warning: Reference `C4 => eig' on page 20 undefined on input line 916.


LaTeX Warning: Reference `disc => discp' on page 20 undefined on input line 917.


LaTeX Warning: Reference `discp => disc' on page 20 undefined on input line 917.


LaTeX Warning: Reference `C4 => codeg' on page 20 undefined on input line 917.


LaTeX Warning: Reference `codeg => disc' on page 20 undefined on input line 918.


LaTeX Warning: Reference `Ciclo demo CGW' on page 20 undefined on input line 921.

LaTeX Info: Redefining \. on input line 924.
LaTeX Info: Redefining \% on input line 924.
[20]

LaTeX Warning: Reference `polarización_aristas' on page 21 undefined on input line 948.

LaTeX Info: Redefining \. on input line 953.
LaTeX Info: Redefining \% on input line 953.
[21]

LaTeX Warning: Reference `polarización_aristas' on page 22 undefined on input line 955.


LaTeX Warning: Reference `ind_count' on page 22 undefined on input line 970.


LaTeX Warning: Reference `ind_count' on page 22 undefined on input line 982.

LaTeX Info: Redefining \. on input line 983.
LaTeX Info: Redefining \% on input line 983.
[22]

LaTeX Warning: Reference `ind_count' on page 23 undefined on input line 994.


LaTeX Warning: Reference `ind_count' on page 23 undefined on input line 994.


LaTeX Warning: Reference `count_G_F' on page 23 undefined on input line 995.

LaTeX Info: Redefining \. on input line 996.
LaTeX Info: Redefining \% on input line 996.
[23]

LaTeX Warning: Reference `count_G_F' on page 24 undefined on input line 998.

LaTeX Info: Redefining \. on input line 1027.
LaTeX Info: Redefining \% on input line 1027.
[24]

LaTeX Warning: Reference `CS_versión1' on page 25 undefined on input line 1028.


LaTeX Warning: Reference `grado-cogrado' on page 25 undefined on input line 1028.

LaTeX Info: Redefining \. on input line 1049.
LaTeX Info: Redefining \% on input line 1049.
[25]

LaTeX Warning: Reference `grado-cogrado' on page 26 undefined on input line 1068.


LaTeX Warning: Reference `grado-cogrado' on page 26 undefined on input line 1068.


LaTeX Warning: Reference `ec_prop_6' on page 26 undefined on input line 1074.

LaTeX Info: Redefining \. on input line 1075.
LaTeX Info: Redefining \% on input line 1075.
[26]
LaTeX Info: Redefining \. on input line 1096.
LaTeX Info: Redefining \% on input line 1096.
 [27]

LaTeX Warning: Reference `Aprox_Cop_C_k' on page 28 undefined on input line 1097.


LaTeX Warning: Reference `potencia_matriz_adyacencia = caminatas' on page 28 undefined on input line 1097.


LaTeX Warning: Reference `Tr_Ak' on page 28 undefined on input line 1097.


LaTeX Warning: Reference `ec_prop_7.2' on page 28 undefined on input line 1107.


LaTeX Warning: Reference `ec_prop_7.1' on page 28 undefined on input line 1107.


LaTeX Warning: Reference `cota_primer_autovalor' on page 28 undefined on input line 1121.


LaTeX Warning: Reference `potencia_matriz_adyacencia = caminatas' on page 28 undefined on input line 1125.


LaTeX Warning: Reference `Tr_Ak' on page 28 undefined on input line 1125.

LaTeX Info: Redefining \. on input line 1128.
LaTeX Info: Redefining \% on input line 1128.
[28]

LaTeX Warning: Reference `cota2_lambda1' on page 29 undefined on input line 1129.


LaTeX Warning: Reference `cota1_lambda1' on page 29 undefined on input line 1129.


LaTeX Warning: Reference `cuasi-aleatoriedad' on page 29 undefined on input line 1142.

LaTeX Info: Redefining \. on input line 1145.
LaTeX Info: Redefining \% on input line 1145.
[29]

c:/Tesis/Documento Tesis/Tesis_corr1 copy.tex:1179: Package pgfkeys Error: I do not know the key '/tikz/minimim size', to which you passed '2pt', and I am going to ignore it. Perhaps you misspelled it.

See the pgfkeys package documentation for explanation.
Type  H <return>  for immediate help.
 ...                                              
                                                  
l.1179 ...ristas permitidas dentro del grafo $G$.}
                                                  
This error message was generated by an \errmessage
command, so I can't give any explicit help.
Pretend that you're Hercule Poirot: Examine all clues,
and deduce the truth by order and method.


c:/Tesis/Documento Tesis/Tesis_corr1 copy.tex:1179: Package pgfkeys Error: I do not know the key '/tikz/minimim size', to which you passed '2pt', and I am going to ignore it. Perhaps you misspelled it.

See the pgfkeys package documentation for explanation.
Type  H <return>  for immediate help.
 ...                                              
                                                  
l.1179 ...ristas permitidas dentro del grafo $G$.}
                                                  
(That was another \errmessage.)

LaTeX Info: Redefining \. on input line 1195.
LaTeX Info: Redefining \% on input line 1195.
[30]

LaTeX Warning: Reference `eig => C4' on page 31 undefined on input line 1216.


LaTeX Warning: Reference `C4 => eig' on page 31 undefined on input line 1216.


LaTeX Warning: Reference `ec_prop_7.2' on page 31 undefined on input line 1220.

LaTeX Info: Redefining \. on input line 1223.
LaTeX Info: Redefining \% on input line 1223.
[31]

LaTeX Warning: Reference `e(X,Y)=espectral' on page 32 undefined on input line 1246.

LaTeX Info: Redefining \. on input line 1253.
LaTeX Info: Redefining \% on input line 1253.
[32]

LaTeX Warning: Reference `1ra ec EML' on page 33 undefined on input line 1265.

LaTeX Info: Redefining \. on input line 1281.
LaTeX Info: Redefining \% on input line 1281.
[33]

LaTeX Warning: Reference `1er sumando EML' on page 34 undefined on input line 1282.


LaTeX Warning: Reference `2do sumando EML' on page 34 undefined on input line 1283.


LaTeX Warning: Reference `1ra ec EML' on page 34 undefined on input line 1291.


LaTeX Warning: Reference `Expander Mixing Lemma' on page 34 undefined on input line 1296.


LaTeX Warning: Reference `Ciclo demo CGW' on page 34 undefined on input line 1302.

LaTeX Info: Redefining \. on input line 1303.
LaTeX Info: Redefining \% on input line 1303.
[34]
LaTeX Info: Redefining \. on input line 1304.
LaTeX Info: Redefining \% on input line 1304.
 [35]
Cap\'{\i }tulo 3.

LaTeX Warning: Citation 'erdos1936some' on page 36 undefined on input line 1308.


LaTeX Warning: Citation 'roth1953certain' on page 36 undefined on input line 1308.


LaTeX Warning: Citation 'szemeredi1969sets' on page 36 undefined on input line 1308.


LaTeX Warning: Citation 'szemeredi1975sets' on page 36 undefined on input line 1308.


LaTeX Warning: Citation 'furstenberg1977ergodic' on page 36 undefined on input line 1315.


LaTeX Warning: Citation 'gowers2001new' on page 36 undefined on input line 1315.


LaTeX Warning: Citation 'gowers2007hypergraph' on page 36 undefined on input line 1315.


LaTeX Warning: Citation 'nagle2006counting' on page 36 undefined on input line 1315.


LaTeX Warning: Citation 'rodl2004regularity' on page 36 undefined on input line 1315.


LaTeX Warning: Citation 'rodl2005regular' on page 36 undefined on input line 1315.

[36

]

LaTeX Warning: Reference `Teorema Szemeredi' on page 37 undefined on input line 1317.


LaTeX Warning: Reference `Teorema CGW' on page 37 undefined on input line 1317.

LaTeX Info: Redefining \. on input line 1332.
LaTeX Info: Redefining \% on input line 1332.
[37]
LaTeX Info: Redefining \. on input line 1360.
LaTeX Info: Redefining \% on input line 1360.
 [38]

LaTeX Warning: Reference `Demo_ener' on page 39 undefined on input line 1373.


LaTeX Warning: Reference `szemeredi_regularity_lemma1' on page 39 undefined on input line 1373.


LaTeX Warning: Reference `szemeredi_regularity_lemma2' on page 39 undefined on input line 1373.


LaTeX Warning: Reference `Demo_esp' on page 39 undefined on input line 1373.


LaTeX Warning: Reference `szemeredi_regularity_lemma1' on page 39 undefined on input line 1373.


LaTeX Warning: Reference `Sec. Aplicaciones' on page 39 undefined on input line 1373.

LaTeX Info: Redefining \. on input line 1380.
LaTeX Info: Redefining \% on input line 1380.
[39]

LaTeX Warning: Reference `szemeredi_regularity_lemma1' on page 40 undefined on input line 1408.


LaTeX Warning: Reference `energia_no_decrece' on page 40 undefined on input line 1408.


LaTeX Warning: Reference `Energy boost un conjunto' on page 40 undefined on input line 1408.


LaTeX Warning: Reference `Energy boost particiones' on page 40 undefined on input line 1408.


LaTeX Warning: Reference `szemeredi_regularity_lemma1' on page 40 undefined on input line 1408.

LaTeX Info: Redefining \. on input line 1409.
LaTeX Info: Redefining \% on input line 1409.
[40]

LaTeX Warning: Reference `Desigualdad_from_CS' on page 41 undefined on input line 1415.


LaTeX Warning: Reference `Desigualdad_from_CS' on page 41 undefined on input line 1424.


LaTeX Warning: Reference `Desigualdad_from_CS' on page 41 undefined on input line 1424.


LaTeX Warning: Reference `q(P_X,P_Y) >= q(X,Y)' on page 41 undefined on input line 1428.

LaTeX Info: Redefining \. on input line 1429.
LaTeX Info: Redefining \% on input line 1429.
[41]
LaTeX Info: Redefining \. on input line 1464.
LaTeX Info: Redefining \% on input line 1464.
 [42]

LaTeX Warning: Reference `Desigualdad_from_CS' on page 43 undefined on input line 1472.


LaTeX Warning: Reference `descomposición suma aristas' on page 43 undefined on input line 1472.


LaTeX Warning: Reference `descomposición multiplicación conjuntos' on page 43 undefined on input line 1472.


LaTeX Warning: Reference `Desigualdad_from_CS' on page 43 undefined on input line 1472.


LaTeX Warning: Reference `descomposición suma aristas' on page 43 undefined on input line 1472.


LaTeX Warning: Reference `descomposición multiplicación conjuntos' on page 43 undefined on input line 1472.


LaTeX Warning: Reference `Primer cálculo energy boost' on page 43 undefined on input line 1477.


LaTeX Warning: Reference `e(X_1,Y_1) = ...' on page 43 undefined on input line 1496.


LaTeX Warning: Reference `e(X_1,Y_1) = ...' on page 43 undefined on input line 1496.


LaTeX Warning: Reference `condición tamaño conjunto regularidad' on page 43 undefined on input line 1497.


LaTeX Warning: Reference `|eta| > epsilon' on page 43 undefined on input line 1497.


LaTeX Warning: Reference `Segundo cálculo energy boost' on page 43 undefined on input line 1497.

LaTeX Info: Redefining \. on input line 1502.
LaTeX Info: Redefining \% on input line 1502.
[43]

LaTeX Warning: Reference `Paso 2b' on page 44 undefined on input line 1504.


LaTeX Warning: Reference `refinamiento_irregularidad' on page 44 undefined on input line 1512.

LaTeX Info: Redefining \. on input line 1513.
LaTeX Info: Redefining \% on input line 1513.
[44]
<Imágenes/Partition_by_irregularity.png, id=345, 481.8pt x 289.68225pt>
File: Imágenes/Partition_by_irregularity.png Graphic file (type png)
<use Imágenes/Partition_by_irregularity.png>
Package pdftex.def Info: Imágenes/Partition_by_irregularity.png  used on input line 1516.
(pdftex.def)             Requested size: 343.48299pt x 206.5245pt.


LaTeX Warning: Citation 'zhao2023graph' on page 45 undefined on input line 1517.


LaTeX Warning: Citation 'zhao2023graph' on page 45 undefined on input line 1517.


LaTeX Warning: Reference `energia_no_decrece' on page 45 undefined on input line 1533.


LaTeX Warning: Reference `Energy boost un conjunto' on page 45 undefined on input line 1533.


LaTeX Warning: Reference `condición partición no regular' on page 45 undefined on input line 1533.


LaTeX Warning: Reference `energia_no_decrece' on page 45 undefined on input line 1533.


LaTeX Warning: Reference `Energy boost un conjunto' on page 45 undefined on input line 1533.


LaTeX Warning: Reference `condición partición no regular' on page 45 undefined on input line 1533.

LaTeX Info: Redefining \. on input line 1534.
LaTeX Info: Redefining \% on input line 1534.
[45 <./Imágenes/Partition_by_irregularity.png>]

LaTeX Warning: Reference `szemeredi_regularity_lemma1' on page 46 undefined on input line 1536.


LaTeX Warning: Reference `Energy boost particiones' on page 46 undefined on input line 1537.


LaTeX Warning: Reference `Energy boost particiones' on page 46 undefined on input line 1537.


LaTeX Warning: Reference `Energy boost particiones' on page 46 undefined on input line 1539.


LaTeX Warning: Reference `Energy boost particiones' on page 46 undefined on input line 1539.

LaTeX Info: Redefining \. on input line 1555.
LaTeX Info: Redefining \% on input line 1555.
[46]

LaTeX Warning: Reference `szemeredi_regularity_lemma1' on page 47 undefined on input line 1556.


LaTeX Warning: Citation 'gowers1997lower' on page 47 undefined on input line 1556.


LaTeX Warning: Citation 'moshkovitz2016short' on page 47 undefined on input line 1556.


LaTeX Warning: Reference `szemeredi_regularity_lemma2' on page 47 undefined on input line 1558.

LaTeX Info: Redefining \. on input line 1566.
LaTeX Info: Redefining \% on input line 1566.
[47]

LaTeX Warning: Reference `paso_2b_mod' on page 48 undefined on input line 1569.


LaTeX Warning: Reference `paso_3c_mod' on page 48 undefined on input line 1569.


LaTeX Warning: Citation 'frieze1996regularity' on page 48 undefined on input line 1573.


LaTeX Warning: Citation 'taospectralproof2012' on page 48 undefined on input line 1573.


LaTeX Warning: Citation 'taospectralproof2012' on page 48 undefined on input line 1573.


LaTeX Warning: Citation 'cioabatao' on page 48 undefined on input line 1573.


Overfull \hbox (5.3776pt too wide) in paragraph at lines 1573--1574
\OT1/cmr/m/n/12 nan [[]], y fue po-pu-la-ri-za-da por T. Tao [[]].
 []


LaTeX Warning: Reference `szemeredi_regularity_lemma1' on page 48 undefined on input line 1577.


LaTeX Warning: Reference `potencia_matriz_adyacencia = caminatas' on page 48 undefined on input line 1586.


LaTeX Warning: Reference `Tr_Ak' on page 48 undefined on input line 1586.

LaTeX Info: Redefining \. on input line 1589.
LaTeX Info: Redefining \% on input line 1589.
[48]

LaTeX Warning: Reference `eq_1 Spectral_Proof' on page 49 undefined on input line 1605.

LaTeX Info: Redefining \. on input line 1622.
LaTeX Info: Redefining \% on input line 1622.
[49]
LaTeX Info: Redefining \. on input line 1647.
LaTeX Info: Redefining \% on input line 1647.
 [50]

LaTeX Warning: Reference `Teo Courant-Fischer' on page 51 undefined on input line 1663.

LaTeX Info: Redefining \. on input line 1680.
LaTeX Info: Redefining \% on input line 1680.
[51]

LaTeX Warning: Reference `cota_esp_1' on page 52 undefined on input line 1685.


LaTeX Warning: Reference `cota_esp_2' on page 52 undefined on input line 1685.


LaTeX Warning: Reference `cota_esp_3' on page 52 undefined on input line 1685.


LaTeX Warning: Reference `tres_sumandos_demo_esp' on page 52 undefined on input line 1685.

LaTeX Info: Redefining \. on input line 1697.
LaTeX Info: Redefining \% on input line 1697.
[52]

LaTeX Warning: Reference `Teorema CGW' on page 53 undefined on input line 1701.


LaTeX Warning: Reference `discp => count' on page 53 undefined on input line 1710.


LaTeX Warning: Reference `BIDISC' on page 53 undefined on input line 1714.

LaTeX Info: Redefining \. on input line 1726.
LaTeX Info: Redefining \% on input line 1726.
[53]

LaTeX Warning: Reference `2doSum_TCL' on page 54 undefined on input line 1727.


LaTeX Warning: Reference `BIDISC' on page 54 undefined on input line 1734.


LaTeX Warning: Reference `2doSum_TCL' on page 54 undefined on input line 1741.


LaTeX Warning: Reference `Triangle_Counting_Lemma' on page 54 undefined on input line 1745.


LaTeX Warning: Reference `discp => count' on page 54 undefined on input line 1745.

LaTeX Info: Redefining \. on input line 1746.
LaTeX Info: Redefining \% on input line 1746.
[54]

LaTeX Warning: Citation 'ruzsa1978triple' on page 55 undefined on input line 1756.


LaTeX Warning: Reference `szemeredi_regularity_lemma1' on page 55 undefined on input line 1761.


LaTeX Warning: Reference `szemeredi_regularity_lemma1' on page 55 undefined on input line 1761.

LaTeX Info: Redefining \. on input line 1766.
LaTeX Info: Redefining \% on input line 1766.
[55]

LaTeX Warning: Reference `Triangle_Counting_Lemma' on page 56 undefined on input line 1785.

c:/Tesis/Documento Tesis/Tesis_corr1 copy.tex:1792: Extra }, or forgotten \right.
<template> }
            $}\ifmeasuring@ \savefieldlength@ \fi \set@field \endtemplate 
l.1792     \end{align*}
                       
I've deleted a group-closing symbol because it seems to be
spurious, as in `$x}$'. But perhaps the } is legitimate and
you forgot something else, as in `\hbox{$x}'. In such cases
the way to recover is to insert both the forgotten and the
deleted material, e.g., by typing `I$}'.

c:/Tesis/Documento Tesis/Tesis_corr1 copy.tex:1792: Missing \right. inserted.
<inserted text> 
                \right .
l.1792     \end{align*}
                       
I've inserted something that you may have forgotten.
(See the <inserted text> above.)
With luck, this will get me unwedged. But if you
really didn't forget anything, try typing `2' now; then
my insertion and my current dilemma will both disappear.

c:/Tesis/Documento Tesis/Tesis_corr1 copy.tex:1792: Missing } inserted.
<inserted text> 
                }
l.1792     \end{align*}
                       
I've inserted something that you may have forgotten.
(See the <inserted text> above.)
With luck, this will get me unwedged. But if you
really didn't forget anything, try typing `2' now; then
my insertion and my current dilemma will both disappear.

c:/Tesis/Documento Tesis/Tesis_corr1 copy.tex:1792: Missing } inserted.
<inserted text> 
                }
l.1792     \end{align*}
                       
I've inserted something that you may have forgotten.
(See the <inserted text> above.)
With luck, this will get me unwedged. But if you
really didn't forget anything, try typing `2' now; then
my insertion and my current dilemma will both disappear.

c:/Tesis/Documento Tesis/Tesis_corr1 copy.tex:1792: Extra \right.
<argument> ...l : xy,yz,xz\in & E'\rbrace \right |
                                                   \geq d(V_i, V_j)d(V_i, V_...
l.1792     \end{align*}
                       
I'm ignoring a \right that had no matching \left.

c:/Tesis/Documento Tesis/Tesis_corr1 copy.tex:1792: Missing { inserted.
<inserted text> 
                {
l.1792     \end{align*}
                       
I've put in what seems to be necessary to fix
the current column of the current alignment.
Try to go on, since this might almost work.

c:/Tesis/Documento Tesis/Tesis_corr1 copy.tex:1792: Extra }, or forgotten \right.
<template> }
            $}\ifmeasuring@ \savefieldlength@ \fi \set@field \endtemplate 
l.1792     \end{align*}
                       
I've deleted a group-closing symbol because it seems to be
spurious, as in `$x}$'. But perhaps the } is legitimate and
you forgot something else, as in `\hbox{$x}'. In such cases
the way to recover is to insert both the forgotten and the
deleted material, e.g., by typing `I$}'.

c:/Tesis/Documento Tesis/Tesis_corr1 copy.tex:1792: Missing \right. inserted.
<inserted text> 
                \right .
l.1792     \end{align*}
                       
I've inserted something that you may have forgotten.
(See the <inserted text> above.)
With luck, this will get me unwedged. But if you
really didn't forget anything, try typing `2' now; then
my insertion and my current dilemma will both disappear.

c:/Tesis/Documento Tesis/Tesis_corr1 copy.tex:1792: Missing } inserted.
<inserted text> 
                }
l.1792     \end{align*}
                       
I've inserted something that you may have forgotten.
(See the <inserted text> above.)
With luck, this will get me unwedged. But if you
really didn't forget anything, try typing `2' now; then
my insertion and my current dilemma will both disappear.

c:/Tesis/Documento Tesis/Tesis_corr1 copy.tex:1792: Missing } inserted.
<inserted text> 
                }
l.1792     \end{align*}
                       
I've inserted something that you may have forgotten.
(See the <inserted text> above.)
With luck, this will get me unwedged. But if you
really didn't forget anything, try typing `2' now; then
my insertion and my current dilemma will both disappear.

c:/Tesis/Documento Tesis/Tesis_corr1 copy.tex:1792: Extra \right.
<argument> ...l : xy,yz,xz\in & E'\rbrace \right |
                                                   \geq d(V_i, V_j)d(V_i, V_...
l.1792     \end{align*}
                       
I'm ignoring a \right that had no matching \left.

c:/Tesis/Documento Tesis/Tesis_corr1 copy.tex:1792: Missing \endgroup inserted.
<inserted text> 
                \endgroup 
l.1792     \end{align*}
                       
I've inserted something that you may have forgotten.
(See the <inserted text> above.)
With luck, this will get me unwedged. But if you
really didn't forget anything, try typing `2' now; then
my insertion and my current dilemma will both disappear.

c:/Tesis/Documento Tesis/Tesis_corr1 copy.tex:1792: Misplaced \omit.
\math@cr@@@ ...@ \@ne \add@amps \maxfields@ \omit 
                                                  \kern -\alignsep@ \iftag@ ...
l.1792     \end{align*}
                       
I expect to see \omit only after tab marks or the \cr of
an alignment. Proceed, and I'll ignore this case.

c:/Tesis/Documento Tesis/Tesis_corr1 copy.tex:1792: Missing { inserted.
<inserted text> 
                {
l.1792     \end{align*}
                       
I've put in what seems to be necessary to fix
the current column of the current alignment.
Try to go on, since this might almost work.

LaTeX Info: Redefining \. on input line 1792.
LaTeX Info: Redefining \% on input line 1792.
[56]

LaTeX Warning: Reference `Enunciado TRL' on page 57 undefined on input line 1795.

LaTeX Font Info:    Font shape `U/DSSerif/m/n' will be
(Font)              scaled to size 10.95pt on input line 1805.
LaTeX Info: Redefining \. on input line 1871.
LaTeX Info: Redefining \% on input line 1871.
[57]

LaTeX Warning: Reference `szemeredi_regularity_lemma1' on page 58 undefined on input line 1875.


LaTeX Warning: Reference `szemeredi_regularity_lemma1' on page 58 undefined on input line 1875.

LaTeX Info: Redefining \. on input line 1889.
LaTeX Info: Redefining \% on input line 1889.
[58]

LaTeX Warning: Reference `eq1_emp_ind' on page 59 undefined on input line 1896.


LaTeX Warning: Reference `Teo_emp_ind' on page 59 undefined on input line 1906.


LaTeX Warning: Reference `Sec. LRS' on page 59 undefined on input line 1910.


LaTeX Warning: Reference `Teorema_de_Roth' on page 59 undefined on input line 1914.

LaTeX Info: Redefining \. on input line 1915.
LaTeX Info: Redefining \% on input line 1915.
[59]

LaTeX Warning: Reference `Teorema_de_Roth' on page 60 undefined on input line 1915.


LaTeX Warning: Reference `Enunciado TRL' on page 60 undefined on input line 1916.

LaTeX Font Info:    Font shape `U/DSSerif/m/n' will be
(Font)              scaled to size 24.88pt on input line 1942.
LaTeX Font Info:    Font shape `U/DSSerif/m/n' will be
(Font)              scaled to size 20.74pt on input line 1942.
LaTeX Font Info:    Font shape `U/DSSerif/m/n' will be
(Font)              scaled to size 17.28pt on input line 1942.
LaTeX Info: Redefining \. on input line 1979.
LaTeX Info: Redefining \% on input line 1979.
[60]

LaTeX Warning: Citation 'ajtai1974sets' on page 61 undefined on input line 1983.


LaTeX Warning: Reference `Teo_emp_ind' on page 61 undefined on input line 1988.

LaTeX Info: Redefining \. on input line 1997.
LaTeX Info: Redefining \% on input line 1997.
[61] (C:\Users\Felipe\AppData\Local\Programs\MiKTeX\tex/generic/pgf/libraries\pgflibraryarrows.meta.code.tex
File: pgflibraryarrows.meta.code.tex 2023-01-15 v3.1.10 (3.1.10)
\pgfarrowinset=\dimen289
\pgfarrowlength=\dimen290
\pgfarrowwidth=\dimen291
\pgfarrowlinewidth=\dimen292
)
Underfull \hbox (badness 2269) in paragraph at lines 2069--2069
[]\OT1/cmr/m/n/12 Figura 3.4: |Ejem-plo del em-pa-re-ja-mien-to ge-ne-ra-do por la
 []


Underfull \hbox (badness 6927) in paragraph at lines 2069--2069
\OT1/cmr/m/n/12 cla-se de equi-va-len-cia aso-cia-da a $\OML/cmm/m/it/12 q \OT1/cmr/m/n/12 = 5$, y $\OML/cmm/m/it/12 S \OT1/cmr/m/n/12 =
 []


LaTeX Warning: Reference `Teo_emp_ind' on page 62 undefined on input line 2072.

LaTeX Info: Redefining \. on input line 2076.
LaTeX Info: Redefining \% on input line 2076.
[62]

LaTeX Warning: Citation 'solymosi2003note' on page 63 undefined on input line 2114.


LaTeX Warning: Reference `Teorema_de_Roth' on page 63 undefined on input line 2115.


LaTeX Warning: Reference `Corner_Theorem' on page 63 undefined on input line 2116.


LaTeX Warning: Reference `Corner_Theorem' on page 63 undefined on input line 2120.

LaTeX Info: Redefining \. on input line 2123.
LaTeX Info: Redefining \% on input line 2123.
[63]

LaTeX Warning: Empty bibliography on input line 2125.

[64

] (C:\Tesis\Documento Tesis\build\Tesis_corr1 copy.aux
LaTeX Info: Redefining \sptext on input line 12.
LaTeX Info: Redefining \. on input line 12.
LaTeX Info: Redefining \% on input line 12.
)
 ***********
LaTeX2e <2023-11-01> patch level 1
L3 programming layer <2024-01-22>
 ***********


LaTeX Warning: There were undefined references.


LaTeX Warning: Label(s) may have changed. Rerun to get cross-references right.


Package rerunfilecheck Warning: File `"Tesis_corr1 copy".out' has changed.
(rerunfilecheck)                Rerun to get outlines right
(rerunfilecheck)                or use package `bookmark'.

Package rerunfilecheck Info: Checksums for `"Tesis_corr1 copy".out':
(rerunfilecheck)             Before: <no file>
(rerunfilecheck)             After:  09EC5E159D76F838ECF47E9793AD38D2;2997.

Package biblatex Warning: Please (re)run Biber on the file:
(biblatex)                "Tesis_corr1 copy"
(biblatex)                and rerun LaTeX afterwards.

Package logreq Info: Writing requests to '"Tesis_corr1 copy".run.xml'.
\openout1 = `"Tesis_corr1 copy.run.xml"'.

 ) 
Here is how much of TeX's memory you used:
 35877 strings out of 474542
 691746 string characters out of 5743975
 1948978 words of memory out of 5000000
 57324 multiletter control sequences out of 15000+600000
 586222 words of font info for 143 fonts, out of 8000000 for 9000
 1141 hyphenation exceptions out of 8191
 102i,21n,117p,1443b,1910s stack positions out of 10000i,1000n,20000p,200000b,200000s
 <C:\Users\Felipe\AppData\Local\MiKTeX\fonts/pk/ljfour/public/bbm/dpi600\bbm12.pk> <C:\Users\Felipe\AppData\Local\MiKTeX\fonts/pk/ljfour/jknappen/ec/dpi600\tcrm1200.pk><C:/Users/Felipe/AppData/Local/Programs/MiKTeX/fonts/type1/public/dsserif/DSSerif.pfb><C:/Users/Felipe/AppData/Local/Programs/MiKTeX/fonts/type1/public/amsfonts/cm/cmbx10.pfb><C:/Users/Felipe/AppData/Local/Programs/MiKTeX/fonts/type1/public/amsfonts/cm/cmbx12.pfb><C:/Users/Felipe/AppData/Local/Programs/MiKTeX/fonts/type1/public/amsfonts/cm/cmbx8.pfb><C:/Users/Felipe/AppData/Local/Programs/MiKTeX/fonts/type1/public/amsfonts/cm/cmbxti10.pfb><C:/Users/Felipe/AppData/Local/Programs/MiKTeX/fonts/type1/public/amsfonts/cm/cmcsc10.pfb><C:/Users/Felipe/AppData/Local/Programs/MiKTeX/fonts/type1/public/amsfonts/cm/cmex10.pfb><C:/Users/Felipe/AppData/Local/Programs/MiKTeX/fonts/type1/public/amsfonts/cmextra/cmex8.pfb><C:/Users/Felipe/AppData/Local/Programs/MiKTeX/fonts/type1/public/amsfonts/cm/cmmi10.pfb><C:/Users/Felipe/AppData/Local/Programs/MiKTeX/fonts/type1/public/amsfonts/cm/cmmi12.pfb><C:/Users/Felipe/AppData/Local/Programs/MiKTeX/fonts/type1/public/amsfonts/cm/cmmi6.pfb><C:/Users/Felipe/AppData/Local/Programs/MiKTeX/fonts/type1/public/amsfonts/cm/cmmi7.pfb><C:/Users/Felipe/AppData/Local/Programs/MiKTeX/fonts/type1/public/amsfonts/cm/cmmi8.pfb><C:/Users/Felipe/AppData/Local/Programs/MiKTeX/fonts/type1/public/amsfonts/cm/cmmib10.pfb><C:/Users/Felipe/AppData/Local/Programs/MiKTeX/fonts/type1/public/amsfonts/cmextra/cmmib8.pfb><C:/Users/Felipe/AppData/Local/Programs/MiKTeX/fonts/type1/public/amsfonts/cm/cmr10.pfb><C:/Users/Felipe/AppData/Local/Programs/MiKTeX/fonts/type1/public/amsfonts/cm/cmr12.pfb><C:/Users/Felipe/AppData/Local/Programs/MiKTeX/fonts/type1/public/amsfonts/cm/cmr17.pfb><C:/Users/Felipe/AppData/Local/Programs/MiKTeX/fonts/type1/public/amsfonts/cm/cmr6.pfb><C:/Users/Felipe/AppData/Local/Programs/MiKTeX/fonts/type1/public/amsfonts/cm/cmr7.pfb><C:/Users/Felipe/AppData/Local/Programs/MiKTeX/fonts/type1/public/amsfonts/cm/cmr8.pfb><C:/Users/Felipe/AppData/Local/Programs/MiKTeX/fonts/type1/public/amsfonts/cm/cmsl12.pfb><C:/Users/Felipe/AppData/Local/Programs/MiKTeX/fonts/type1/public/amsfonts/cm/cmsy10.pfb><C:/Users/Felipe/AppData/Local/Programs/MiKTeX/fonts/type1/public/amsfonts/cm/cmsy6.pfb><C:/Users/Felipe/AppData/Local/Programs/MiKTeX/fonts/type1/public/amsfonts/cm/cmsy8.pfb><C:/Users/Felipe/AppData/Local/Programs/MiKTeX/fonts/type1/public/amsfonts/cm/cmti12.pfb>
Output written on "C:\Tesis\Documento Tesis\build\Tesis_corr1 copy.pdf" (72 pages, 688940 bytes).
PDF statistics:
 626 PDF objects out of 1000 (max. 8388607)
 201 named destinations out of 1000 (max. 500000)
 23 words of extra memory for PDF output out of 10000 (max. 10000000)

